=======================================================================
SCENARIO Sunny STARTING:  Tue Feb 21 07:21:04 EST 2012
=======================================================================
[INFO] Scanning for projects...
[INFO]                                                                         
[INFO] ------------------------------------------------------------------------
[INFO] Building DEV-3824-Testcase 0.0.1-SNAPSHOT
[INFO] ------------------------------------------------------------------------
[INFO] 
[INFO] --- maven-resources-plugin:2.4.3:resources (default-resources) @ DEV-3624 ---
[WARNING] Using platform encoding (UTF-8 actually) to copy filtered resources, i.e. build is platform dependent!
[INFO] Copying 0 resource
[INFO] 
[INFO] --- maven-compiler-plugin:2.3.2:compile (default-compile) @ DEV-3624 ---
[INFO] Nothing to compile - all classes are up to date
[INFO] 
[INFO] --- maven-resources-plugin:2.4.3:testResources (default-testResources) @ DEV-3624 ---
[WARNING] Using platform encoding (UTF-8 actually) to copy filtered resources, i.e. build is platform dependent!
[INFO] Copying 25 resources
[INFO] 
[INFO] --- maven-compiler-plugin:2.3.2:testCompile (default-testCompile) @ DEV-3624 ---
[INFO] Nothing to compile - all classes are up to date
[INFO] 
[INFO] --- maven-surefire-plugin:2.7.2:test (default-test) @ DEV-3624 ---
[INFO] Surefire report directory: /home/chirino/sandbox/DEV-3624/target/surefire-reports

-------------------------------------------------------
 T E S T S
-------------------------------------------------------
Running com.yahoo.activemq.test.ActiveMQJmsTest
Tests run: 0, Failures: 0, Errors: 0, Skipped: 0, Time elapsed: 0.008 sec
Running com.yahoo.activemq.test.ApolloJmsTest
Tests run: 0, Failures: 0, Errors: 0, Skipped: 0, Time elapsed: 0 sec
Running com.yahoo.activemq.test.EmbeddedBrokerStompTest
Tests run: 0, Failures: 0, Errors: 0, Skipped: 0, Time elapsed: 0 sec
There are no tests to run.

Results :

Tests run: 0, Failures: 0, Errors: 0, Skipped: 0

[INFO] 
[INFO] >>> exec-maven-plugin:1.2.1:java (default) @ DEV-3624 >>>
[INFO] 
[INFO] <<< exec-maven-plugin:1.2.1:java (default) @ DEV-3624 <<<
[INFO] 
[INFO] --- exec-maven-plugin:1.2.1:java (default) @ DEV-3624 ---
Running producers for 600 seconds
Running consumers for 600 seconds
2012-02-21 07:21:08,777 [Thread-10      ] INFO  JmsConsumer                    - Started durable shared CONSUMER-2 on topic: test-topic1
2012-02-21 07:21:08,777 [Thread-14      ] INFO  JmsConsumer                    - Started durable shared CONSUMER-4 on topic: test-topic1
2012-02-21 07:21:08,777 [Thread-6       ] INFO  JmsConsumer                    - Started durable shared CONSUMER-0 on topic: test-topic1
2012-02-21 07:21:08,777 [Thread-22      ] INFO  JmsConsumer                    - Started durable shared CONSUMER-3 on topic: test-topic1
2012-02-21 07:21:08,777 [Thread-8       ] INFO  JmsConsumer                    - Started durable shared CONSUMER-1 on topic: test-topic1
2012-02-21 07:21:08,777 [Thread-12      ] INFO  JmsConsumer                    - Started durable shared CONSUMER-3 on topic: test-topic1
2012-02-21 07:21:08,777 [Thread-18      ] INFO  JmsConsumer                    - Started durable shared CONSUMER-1 on topic: test-topic1
2012-02-21 07:21:08,777 [Thread-20      ] INFO  JmsConsumer                    - Started durable shared CONSUMER-2 on topic: test-topic1
2012-02-21 07:21:08,777 [Thread-16      ] INFO  JmsConsumer                    - Started durable shared CONSUMER-0 on topic: test-topic1
2012-02-21 07:21:08,787 [Thread-24      ] INFO  JmsConsumer                    - Started durable shared CONSUMER-4 on topic: test-topic1
2012-02-21 07:21:08,796 [Thread-26      ] INFO  JmsConsumer                    - Started durable shared CONSUMER-0 on topic: test-topic2
2012-02-21 07:21:08,802 [Thread-28      ] INFO  JmsConsumer                    - Started durable shared CONSUMER-1 on topic: test-topic2
2012-02-21 07:21:08,807 [Thread-30      ] INFO  JmsConsumer                    - Started durable shared CONSUMER-2 on topic: test-topic2
2012-02-21 07:21:08,812 [Thread-32      ] INFO  JmsConsumer                    - Started durable shared CONSUMER-3 on topic: test-topic2
2012-02-21 07:21:08,887 [Thread-34      ] INFO  JmsConsumer                    - Started durable shared CONSUMER-4 on topic: test-topic2
2012-02-21 07:21:08,898 [Thread-36      ] INFO  JmsConsumer                    - Started durable shared CONSUMER-0 on topic: test-topic2
2012-02-21 07:21:08,903 [Thread-38      ] INFO  JmsConsumer                    - Started durable shared CONSUMER-1 on topic: test-topic2
2012-02-21 07:21:08,914 [Thread-40      ] INFO  JmsConsumer                    - Started durable shared CONSUMER-2 on topic: test-topic2
2012-02-21 07:21:08,923 [Thread-42      ] INFO  JmsConsumer                    - Started durable shared CONSUMER-3 on topic: test-topic2
2012-02-21 07:21:08,928 [Thread-44      ] INFO  JmsConsumer                    - Started durable shared CONSUMER-4 on topic: test-topic2
2012-02-21 07:21:09,224 [Thread-46      ] INFO  JmsProducer                    - Started PRODUCER-0 on topic: test-topic1
2012-02-21 07:21:09,264 [Thread-48      ] INFO  JmsProducer                    - Started PRODUCER-1 on topic: test-topic1
2012-02-21 07:21:09,383 [Thread-50      ] INFO  JmsProducer                    - Started PRODUCER-2 on topic: test-topic1
2012-02-21 07:21:09,388 [Thread-52      ] INFO  JmsProducer                    - Started PRODUCER-3 on topic: test-topic1
2012-02-21 07:21:09,395 [Thread-54      ] INFO  JmsProducer                    - Started PRODUCER-4 on topic: test-topic1
2012-02-21 07:21:09,408 [Thread-56      ] INFO  JmsProducer                    - Started PRODUCER-5 on topic: test-topic1
2012-02-21 07:21:09,424 [Thread-58      ] INFO  JmsProducer                    - Started PRODUCER-6 on topic: test-topic1
2012-02-21 07:21:09,734 [Thread-60      ] INFO  JmsProducer                    - Started PRODUCER-7 on topic: test-topic1
2012-02-21 07:21:09,741 [Thread-62      ] INFO  JmsProducer                    - Started PRODUCER-8 on topic: test-topic1
2012-02-21 07:21:09,776 [Thread-64      ] INFO  JmsProducer                    - Started PRODUCER-9 on topic: test-topic1
2012-02-21 07:21:09,781 [Thread-66      ] INFO  JmsProducer                    - Started PRODUCER-0 on topic: test-topic2
2012-02-21 07:21:09,919 [Thread-68      ] INFO  JmsProducer                    - Started PRODUCER-1 on topic: test-topic2
2012-02-21 07:21:09,980 [Thread-70      ] INFO  JmsProducer                    - Started PRODUCER-2 on topic: test-topic2
2012-02-21 07:21:10,301 [Thread-72      ] INFO  JmsProducer                    - Started PRODUCER-3 on topic: test-topic2
2012-02-21 07:21:10,840 [Thread-74      ] INFO  JmsProducer                    - Started PRODUCER-4 on topic: test-topic2
2012-02-21 07:21:10,880 [Thread-76      ] INFO  JmsProducer                    - Started PRODUCER-5 on topic: test-topic2
2012-02-21 07:21:10,983 [Thread-78      ] INFO  JmsProducer                    - Started PRODUCER-6 on topic: test-topic2
2012-02-21 07:21:11,093 [Thread-80      ] INFO  JmsProducer                    - Started PRODUCER-7 on topic: test-topic2
2012-02-21 07:21:11,158 [Thread-82      ] INFO  JmsProducer                    - Started PRODUCER-8 on topic: test-topic2
2012-02-21 07:21:11,240 [Thread-84      ] INFO  JmsProducer                    - Started PRODUCER-9 on topic: test-topic2
stopping producer and consumer after 600 seconds
stopping producers...
stopped all producers
stopping all consumers after 600 seconds
stopped all consumers
produced 19315559 messages in 600 seconds 32192.59833333333 msg/sec
consumed 19315559 messages in 600 seconds 32192.59833333333 msg/sec
[INFO] ------------------------------------------------------------------------
[INFO] BUILD SUCCESS
[INFO] ------------------------------------------------------------------------
[INFO] Total time: 10:23.377s
[INFO] Finished at: Tue Feb 21 07:31:28 EST 2012
[INFO] Final Memory: 17M/352M
[INFO] ------------------------------------------------------------------------
=======================================================================
SCENARIO Backlog STARTING:  Tue Feb 21 07:31:38 EST 2012
=======================================================================
[INFO] Scanning for projects...
[INFO]                                                                         
[INFO] ------------------------------------------------------------------------
[INFO] Building DEV-3824-Testcase 0.0.1-SNAPSHOT
[INFO] ------------------------------------------------------------------------
[INFO] 
[INFO] --- maven-resources-plugin:2.4.3:resources (default-resources) @ DEV-3624 ---
[WARNING] Using platform encoding (UTF-8 actually) to copy filtered resources, i.e. build is platform dependent!
[INFO] Copying 0 resource
[INFO] 
[INFO] --- maven-compiler-plugin:2.3.2:compile (default-compile) @ DEV-3624 ---
[INFO] Nothing to compile - all classes are up to date
[INFO] 
[INFO] --- maven-resources-plugin:2.4.3:testResources (default-testResources) @ DEV-3624 ---
[WARNING] Using platform encoding (UTF-8 actually) to copy filtered resources, i.e. build is platform dependent!
[INFO] Copying 25 resources
[INFO] 
[INFO] --- maven-compiler-plugin:2.3.2:testCompile (default-testCompile) @ DEV-3624 ---
[INFO] Nothing to compile - all classes are up to date
[INFO] 
[INFO] --- maven-surefire-plugin:2.7.2:test (default-test) @ DEV-3624 ---
[INFO] Surefire report directory: /home/chirino/sandbox/DEV-3624/target/surefire-reports

-------------------------------------------------------
 T E S T S
-------------------------------------------------------
Running com.yahoo.activemq.test.ActiveMQJmsTest
Tests run: 0, Failures: 0, Errors: 0, Skipped: 0, Time elapsed: 0.006 sec
Running com.yahoo.activemq.test.ApolloJmsTest
Tests run: 0, Failures: 0, Errors: 0, Skipped: 0, Time elapsed: 0 sec
Running com.yahoo.activemq.test.EmbeddedBrokerStompTest
Tests run: 0, Failures: 0, Errors: 0, Skipped: 0, Time elapsed: 0 sec
There are no tests to run.

Results :

Tests run: 0, Failures: 0, Errors: 0, Skipped: 0

[INFO] 
[INFO] >>> exec-maven-plugin:1.2.1:java (default) @ DEV-3624 >>>
[INFO] 
[INFO] <<< exec-maven-plugin:1.2.1:java (default) @ DEV-3624 <<<
[INFO] 
[INFO] --- exec-maven-plugin:1.2.1:java (default) @ DEV-3624 ---
Running producers for 60 seconds
Running consumers for 0 seconds
2012-02-21 07:31:42,971 [Thread-8       ] INFO  JmsConsumer                    - Started durable shared CONSUMER-1 on topic: test-topic1
2012-02-21 07:31:42,971 [Thread-16      ] INFO  JmsConsumer                    - Started durable shared CONSUMER-5 on topic: test-topic1
2012-02-21 07:31:42,971 [Thread-22      ] INFO  JmsConsumer                    - Started durable shared CONSUMER-8 on topic: test-topic1
2012-02-21 07:31:42,971 [Thread-18      ] INFO  JmsConsumer                    - Started durable shared CONSUMER-6 on topic: test-topic1
2012-02-21 07:31:42,971 [Thread-20      ] INFO  JmsConsumer                    - Started durable shared CONSUMER-7 on topic: test-topic1
2012-02-21 07:31:42,971 [Thread-12      ] INFO  JmsConsumer                    - Started durable shared CONSUMER-3 on topic: test-topic1
2012-02-21 07:31:42,971 [Thread-10      ] INFO  JmsConsumer                    - Started durable shared CONSUMER-2 on topic: test-topic1
2012-02-21 07:31:42,971 [Thread-6       ] INFO  JmsConsumer                    - Started durable shared CONSUMER-0 on topic: test-topic1
2012-02-21 07:31:42,971 [Thread-14      ] INFO  JmsConsumer                    - Started durable shared CONSUMER-4 on topic: test-topic1
2012-02-21 07:31:42,974 [Thread-24      ] INFO  JmsConsumer                    - Started durable shared CONSUMER-9 on topic: test-topic1
2012-02-21 07:31:42,976 [Thread-26      ] INFO  JmsConsumer                    - Started durable shared CONSUMER-0 on topic: test-topic2
2012-02-21 07:31:42,978 [Thread-28      ] INFO  JmsConsumer                    - Started durable shared CONSUMER-1 on topic: test-topic2
2012-02-21 07:31:42,980 [Thread-30      ] INFO  JmsConsumer                    - Started durable shared CONSUMER-2 on topic: test-topic2
2012-02-21 07:31:42,981 [Thread-32      ] INFO  JmsConsumer                    - Started durable shared CONSUMER-3 on topic: test-topic2
2012-02-21 07:31:42,983 [Thread-34      ] INFO  JmsConsumer                    - Started durable shared CONSUMER-4 on topic: test-topic2
2012-02-21 07:31:42,988 [Thread-36      ] INFO  JmsConsumer                    - Started durable shared CONSUMER-5 on topic: test-topic2
2012-02-21 07:31:42,991 [Thread-38      ] INFO  JmsConsumer                    - Started durable shared CONSUMER-6 on topic: test-topic2
2012-02-21 07:31:42,994 [Thread-40      ] INFO  JmsConsumer                    - Started durable shared CONSUMER-7 on topic: test-topic2
2012-02-21 07:31:42,998 [Thread-42      ] INFO  JmsConsumer                    - Started durable shared CONSUMER-8 on topic: test-topic2
2012-02-21 07:31:43,002 [Thread-44      ] INFO  JmsConsumer                    - Started durable shared CONSUMER-9 on topic: test-topic2
2012-02-21 07:31:43,008 [Thread-46      ] INFO  JmsProducer                    - Started PRODUCER-0 on topic: test-topic1
2012-02-21 07:31:43,013 [Thread-48      ] INFO  JmsProducer                    - Started PRODUCER-1 on topic: test-topic1
2012-02-21 07:31:43,017 [Thread-50      ] INFO  JmsProducer                    - Started PRODUCER-2 on topic: test-topic1
2012-02-21 07:31:43,023 [Thread-52      ] INFO  JmsProducer                    - Started PRODUCER-3 on topic: test-topic1
2012-02-21 07:31:43,026 [Thread-54      ] INFO  JmsProducer                    - Started PRODUCER-4 on topic: test-topic1
2012-02-21 07:31:43,046 [Thread-56      ] INFO  JmsProducer                    - Started PRODUCER-5 on topic: test-topic1
2012-02-21 07:31:43,066 [Thread-58      ] INFO  JmsProducer                    - Started PRODUCER-6 on topic: test-topic1
2012-02-21 07:31:43,158 [Thread-60      ] INFO  JmsProducer                    - Started PRODUCER-7 on topic: test-topic1
2012-02-21 07:31:43,213 [Thread-62      ] INFO  JmsProducer                    - Started PRODUCER-8 on topic: test-topic1
2012-02-21 07:31:43,288 [Thread-64      ] INFO  JmsProducer                    - Started PRODUCER-9 on topic: test-topic1
2012-02-21 07:31:43,402 [Thread-66      ] INFO  JmsProducer                    - Started PRODUCER-0 on topic: test-topic2
2012-02-21 07:31:43,652 [Thread-68      ] INFO  JmsProducer                    - Started PRODUCER-1 on topic: test-topic2
2012-02-21 07:31:43,940 [Thread-70      ] INFO  JmsProducer                    - Started PRODUCER-2 on topic: test-topic2
2012-02-21 07:31:43,954 [Thread-72      ] INFO  JmsProducer                    - Started PRODUCER-3 on topic: test-topic2
2012-02-21 07:31:44,083 [Thread-74      ] INFO  JmsProducer                    - Started PRODUCER-4 on topic: test-topic2
2012-02-21 07:31:44,174 [Thread-76      ] INFO  JmsProducer                    - Started PRODUCER-5 on topic: test-topic2
2012-02-21 07:31:44,306 [Thread-78      ] INFO  JmsProducer                    - Started PRODUCER-6 on topic: test-topic2
2012-02-21 07:31:44,396 [Thread-80      ] INFO  JmsProducer                    - Started PRODUCER-7 on topic: test-topic2
2012-02-21 07:31:44,607 [Thread-82      ] INFO  JmsProducer                    - Started PRODUCER-8 on topic: test-topic2
stopping all consumers after 0 seconds
2012-02-21 07:31:44,767 [Thread-84      ] INFO  JmsProducer                    - Started PRODUCER-9 on topic: test-topic2
stopped all consumers
stopping producer after 60 seconds
stopping producers...
stopped all producers
produced 2132908 messages in 60 seconds 35548.46666666667 msg/sec
consumed 86834 messages in 0 seconds Infinity msg/sec
[INFO] ------------------------------------------------------------------------
[INFO] BUILD SUCCESS
[INFO] ------------------------------------------------------------------------
[INFO] Total time: 1:07.388s
[INFO] Finished at: Tue Feb 21 07:32:47 EST 2012
[INFO] Final Memory: 13M/205M
[INFO] ------------------------------------------------------------------------
=======================================================================
SCENARIO Drainage STARTING:  Tue Feb 21 07:32:57 EST 2012
=======================================================================
[INFO] Scanning for projects...
[INFO]                                                                         
[INFO] ------------------------------------------------------------------------
[INFO] Building DEV-3824-Testcase 0.0.1-SNAPSHOT
[INFO] ------------------------------------------------------------------------
[INFO] 
[INFO] --- maven-resources-plugin:2.4.3:resources (default-resources) @ DEV-3624 ---
[WARNING] Using platform encoding (UTF-8 actually) to copy filtered resources, i.e. build is platform dependent!
[INFO] Copying 0 resource
[INFO] 
[INFO] --- maven-compiler-plugin:2.3.2:compile (default-compile) @ DEV-3624 ---
[INFO] Nothing to compile - all classes are up to date
[INFO] 
[INFO] --- maven-resources-plugin:2.4.3:testResources (default-testResources) @ DEV-3624 ---
[WARNING] Using platform encoding (UTF-8 actually) to copy filtered resources, i.e. build is platform dependent!
[INFO] Copying 25 resources
[INFO] 
[INFO] --- maven-compiler-plugin:2.3.2:testCompile (default-testCompile) @ DEV-3624 ---
[INFO] Nothing to compile - all classes are up to date
[INFO] 
[INFO] --- maven-surefire-plugin:2.7.2:test (default-test) @ DEV-3624 ---
[INFO] Surefire report directory: /home/chirino/sandbox/DEV-3624/target/surefire-reports

-------------------------------------------------------
 T E S T S
-------------------------------------------------------
Running com.yahoo.activemq.test.ActiveMQJmsTest
Tests run: 0, Failures: 0, Errors: 0, Skipped: 0, Time elapsed: 0 sec
Running com.yahoo.activemq.test.ApolloJmsTest
Tests run: 0, Failures: 0, Errors: 0, Skipped: 0, Time elapsed: 0 sec
Running com.yahoo.activemq.test.EmbeddedBrokerStompTest
Tests run: 0, Failures: 0, Errors: 0, Skipped: 0, Time elapsed: 0 sec
There are no tests to run.

Results :

Tests run: 0, Failures: 0, Errors: 0, Skipped: 0

[INFO] 
[INFO] >>> exec-maven-plugin:1.2.1:java (default) @ DEV-3624 >>>
[INFO] 
[INFO] <<< exec-maven-plugin:1.2.1:java (default) @ DEV-3624 <<<
[INFO] 
[INFO] --- exec-maven-plugin:1.2.1:java (default) @ DEV-3624 ---
Running producers for 60 seconds
Running consumers for 60 seconds
2012-02-21 07:33:01,467 [Thread-14      ] INFO  JmsConsumer                    - Started durable shared CONSUMER-4 on topic: test-topic1
2012-02-21 07:33:01,468 [Thread-18      ] INFO  JmsConsumer                    - Started durable shared CONSUMER-6 on topic: test-topic1
2012-02-21 07:33:01,468 [Thread-20      ] INFO  JmsConsumer                    - Started durable shared CONSUMER-7 on topic: test-topic1
2012-02-21 07:33:01,468 [Thread-6       ] INFO  JmsConsumer                    - Started durable shared CONSUMER-0 on topic: test-topic1
2012-02-21 07:33:01,468 [Thread-8       ] INFO  JmsConsumer                    - Started durable shared CONSUMER-1 on topic: test-topic1
2012-02-21 07:33:01,468 [Thread-16      ] INFO  JmsConsumer                    - Started durable shared CONSUMER-5 on topic: test-topic1
2012-02-21 07:33:01,467 [Thread-12      ] INFO  JmsConsumer                    - Started durable shared CONSUMER-3 on topic: test-topic1
2012-02-21 07:33:01,467 [Thread-10      ] INFO  JmsConsumer                    - Started durable shared CONSUMER-2 on topic: test-topic1
2012-02-21 07:33:01,468 [Thread-22      ] INFO  JmsConsumer                    - Started durable shared CONSUMER-8 on topic: test-topic1
2012-02-21 07:33:01,470 [Thread-24      ] INFO  JmsConsumer                    - Started durable shared CONSUMER-9 on topic: test-topic1
2012-02-21 07:33:01,473 [Thread-26      ] INFO  JmsConsumer                    - Started durable shared CONSUMER-0 on topic: test-topic2
2012-02-21 07:33:01,476 [Thread-28      ] INFO  JmsConsumer                    - Started durable shared CONSUMER-1 on topic: test-topic2
2012-02-21 07:33:01,478 [Thread-30      ] INFO  JmsConsumer                    - Started durable shared CONSUMER-2 on topic: test-topic2
2012-02-21 07:33:01,480 [Thread-32      ] INFO  JmsConsumer                    - Started durable shared CONSUMER-3 on topic: test-topic2
2012-02-21 07:33:01,482 [Thread-34      ] INFO  JmsConsumer                    - Started durable shared CONSUMER-4 on topic: test-topic2
2012-02-21 07:33:01,485 [Thread-36      ] INFO  JmsConsumer                    - Started durable shared CONSUMER-5 on topic: test-topic2
2012-02-21 07:33:01,487 [Thread-38      ] INFO  JmsConsumer                    - Started durable shared CONSUMER-6 on topic: test-topic2
2012-02-21 07:33:01,488 [Thread-40      ] INFO  JmsConsumer                    - Started durable shared CONSUMER-7 on topic: test-topic2
2012-02-21 07:33:01,490 [Thread-42      ] INFO  JmsConsumer                    - Started durable shared CONSUMER-8 on topic: test-topic2
2012-02-21 07:33:01,492 [Thread-44      ] INFO  JmsConsumer                    - Started durable shared CONSUMER-9 on topic: test-topic2
2012-02-21 07:33:01,495 [Thread-46      ] INFO  JmsProducer                    - Started PRODUCER-0 on topic: test-topic1
2012-02-21 07:33:01,555 [Thread-48      ] INFO  JmsProducer                    - Started PRODUCER-1 on topic: test-topic1
2012-02-21 07:33:01,566 [Thread-50      ] INFO  JmsProducer                    - Started PRODUCER-2 on topic: test-topic1
2012-02-21 07:33:01,571 [Thread-52      ] INFO  JmsProducer                    - Started PRODUCER-3 on topic: test-topic1
2012-02-21 07:33:01,580 [Thread-54      ] INFO  JmsProducer                    - Started PRODUCER-4 on topic: test-topic1
2012-02-21 07:33:01,596 [Thread-56      ] INFO  JmsProducer                    - Started PRODUCER-5 on topic: test-topic1
2012-02-21 07:33:01,610 [Thread-58      ] INFO  JmsProducer                    - Started PRODUCER-6 on topic: test-topic1
2012-02-21 07:33:01,625 [Thread-60      ] INFO  JmsProducer                    - Started PRODUCER-7 on topic: test-topic1
2012-02-21 07:33:01,632 [Thread-62      ] INFO  JmsProducer                    - Started PRODUCER-8 on topic: test-topic1
2012-02-21 07:33:01,636 [Thread-64      ] INFO  JmsProducer                    - Started PRODUCER-9 on topic: test-topic1
2012-02-21 07:33:01,660 [Thread-66      ] INFO  JmsProducer                    - Started PRODUCER-0 on topic: test-topic2
2012-02-21 07:33:01,663 [Thread-68      ] INFO  JmsProducer                    - Started PRODUCER-1 on topic: test-topic2
2012-02-21 07:33:01,667 [Thread-70      ] INFO  JmsProducer                    - Started PRODUCER-2 on topic: test-topic2
2012-02-21 07:33:01,693 [Thread-72      ] INFO  JmsProducer                    - Started PRODUCER-3 on topic: test-topic2
2012-02-21 07:33:01,706 [Thread-74      ] INFO  JmsProducer                    - Started PRODUCER-4 on topic: test-topic2
2012-02-21 07:33:01,711 [Thread-76      ] INFO  JmsProducer                    - Started PRODUCER-5 on topic: test-topic2
2012-02-21 07:33:01,720 [Thread-78      ] INFO  JmsProducer                    - Started PRODUCER-6 on topic: test-topic2
2012-02-21 07:33:01,727 [Thread-80      ] INFO  JmsProducer                    - Started PRODUCER-7 on topic: test-topic2
2012-02-21 07:33:01,745 [Thread-82      ] INFO  JmsProducer                    - Started PRODUCER-8 on topic: test-topic2
2012-02-21 07:33:01,747 [Thread-84      ] INFO  JmsProducer                    - Started PRODUCER-9 on topic: test-topic2
stopping producer and consumer after 60 seconds
stopping producers...
stopped all producers
stopping all consumers after 60 seconds
stopped all consumers
produced 971096 messages in 60 seconds 16184.933333333332 msg/sec
consumed 911608 messages in 60 seconds 15193.466666666667 msg/sec
[INFO] ------------------------------------------------------------------------
[INFO] BUILD SUCCESS
[INFO] ------------------------------------------------------------------------
[INFO] Total time: 1:08.413s
[INFO] Finished at: Tue Feb 21 07:34:07 EST 2012
[INFO] Final Memory: 13M/179M
[INFO] ------------------------------------------------------------------------
=======================================================================
SCENARIO Drainage Only STARTING:  Tue Feb 21 07:34:17 EST 2012
=======================================================================
[INFO] Scanning for projects...
[INFO]                                                                         
[INFO] ------------------------------------------------------------------------
[INFO] Building DEV-3824-Testcase 0.0.1-SNAPSHOT
[INFO] ------------------------------------------------------------------------
[INFO] 
[INFO] --- maven-resources-plugin:2.4.3:resources (default-resources) @ DEV-3624 ---
[WARNING] Using platform encoding (UTF-8 actually) to copy filtered resources, i.e. build is platform dependent!
[INFO] Copying 0 resource
[INFO] 
[INFO] --- maven-compiler-plugin:2.3.2:compile (default-compile) @ DEV-3624 ---
[INFO] Nothing to compile - all classes are up to date
[INFO] 
[INFO] --- maven-resources-plugin:2.4.3:testResources (default-testResources) @ DEV-3624 ---
[WARNING] Using platform encoding (UTF-8 actually) to copy filtered resources, i.e. build is platform dependent!
[INFO] Copying 25 resources
[INFO] 
[INFO] --- maven-compiler-plugin:2.3.2:testCompile (default-testCompile) @ DEV-3624 ---
[INFO] Nothing to compile - all classes are up to date
[INFO] 
[INFO] --- maven-surefire-plugin:2.7.2:test (default-test) @ DEV-3624 ---
[INFO] Surefire report directory: /home/chirino/sandbox/DEV-3624/target/surefire-reports

-------------------------------------------------------
 T E S T S
-------------------------------------------------------
Running com.yahoo.activemq.test.ActiveMQJmsTest
Tests run: 0, Failures: 0, Errors: 0, Skipped: 0, Time elapsed: 0 sec
Running com.yahoo.activemq.test.ApolloJmsTest
Tests run: 0, Failures: 0, Errors: 0, Skipped: 0, Time elapsed: 0.001 sec
Running com.yahoo.activemq.test.EmbeddedBrokerStompTest
Tests run: 0, Failures: 0, Errors: 0, Skipped: 0, Time elapsed: 0 sec
There are no tests to run.

Results :

Tests run: 0, Failures: 0, Errors: 0, Skipped: 0

[INFO] 
[INFO] >>> exec-maven-plugin:1.2.1:java (default) @ DEV-3624 >>>
[INFO] 
[INFO] <<< exec-maven-plugin:1.2.1:java (default) @ DEV-3624 <<<
[INFO] 
[INFO] --- exec-maven-plugin:1.2.1:java (default) @ DEV-3624 ---
Running producers for 0 seconds
Running consumers for 60 seconds
2012-02-21 07:34:24,914 [Thread-6       ] INFO  JmsConsumer                    - Started durable shared CONSUMER-0 on topic: test-topic1
2012-02-21 07:34:24,914 [Thread-12      ] INFO  JmsConsumer                    - Started durable shared CONSUMER-3 on topic: test-topic1
2012-02-21 07:34:24,914 [Thread-16      ] INFO  JmsConsumer                    - Started durable shared CONSUMER-5 on topic: test-topic1
2012-02-21 07:34:24,914 [Thread-18      ] INFO  JmsConsumer                    - Started durable shared CONSUMER-6 on topic: test-topic1
2012-02-21 07:34:24,914 [Thread-24      ] INFO  JmsConsumer                    - Started durable shared CONSUMER-9 on topic: test-topic1
2012-02-21 07:34:24,914 [Thread-22      ] INFO  JmsConsumer                    - Started durable shared CONSUMER-8 on topic: test-topic1
2012-02-21 07:34:24,914 [Thread-10      ] INFO  JmsConsumer                    - Started durable shared CONSUMER-2 on topic: test-topic1
2012-02-21 07:34:24,914 [Thread-14      ] INFO  JmsConsumer                    - Started durable shared CONSUMER-4 on topic: test-topic1
2012-02-21 07:34:24,914 [Thread-8       ] INFO  JmsConsumer                    - Started durable shared CONSUMER-1 on topic: test-topic1
2012-02-21 07:34:24,914 [Thread-20      ] INFO  JmsConsumer                    - Started durable shared CONSUMER-7 on topic: test-topic1
2012-02-21 07:34:24,916 [Thread-26      ] INFO  JmsConsumer                    - Started durable shared CONSUMER-0 on topic: test-topic2
2012-02-21 07:34:24,958 [Thread-28      ] INFO  JmsConsumer                    - Started durable shared CONSUMER-1 on topic: test-topic2
2012-02-21 07:34:25,000 [Thread-30      ] INFO  JmsConsumer                    - Started durable shared CONSUMER-2 on topic: test-topic2
2012-02-21 07:34:25,072 [Thread-32      ] INFO  JmsConsumer                    - Started durable shared CONSUMER-3 on topic: test-topic2
2012-02-21 07:34:25,077 [Thread-34      ] INFO  JmsConsumer                    - Started durable shared CONSUMER-4 on topic: test-topic2
2012-02-21 07:34:25,082 [Thread-36      ] INFO  JmsConsumer                    - Started durable shared CONSUMER-5 on topic: test-topic2
2012-02-21 07:34:25,208 [Thread-38      ] INFO  JmsConsumer                    - Started durable shared CONSUMER-6 on topic: test-topic2
2012-02-21 07:34:25,224 [Thread-40      ] INFO  JmsConsumer                    - Started durable shared CONSUMER-7 on topic: test-topic2
2012-02-21 07:34:25,229 [Thread-42      ] INFO  JmsConsumer                    - Started durable shared CONSUMER-8 on topic: test-topic2
2012-02-21 07:34:25,232 [Thread-44      ] INFO  JmsConsumer                    - Started durable shared CONSUMER-9 on topic: test-topic2
2012-02-21 07:34:25,298 [Thread-46      ] INFO  JmsProducer                    - Started PRODUCER-0 on topic: test-topic1
2012-02-21 07:34:25,299 [Thread-48      ] INFO  JmsProducer                    - Started PRODUCER-1 on topic: test-topic1
2012-02-21 07:34:25,308 [Thread-50      ] INFO  JmsProducer                    - Started PRODUCER-2 on topic: test-topic1
2012-02-21 07:34:25,313 [Thread-52      ] INFO  JmsProducer                    - Started PRODUCER-3 on topic: test-topic1
2012-02-21 07:34:25,356 [Thread-54      ] INFO  JmsProducer                    - Started PRODUCER-4 on topic: test-topic1
2012-02-21 07:34:25,417 [Thread-56      ] INFO  JmsProducer                    - Started PRODUCER-5 on topic: test-topic1
2012-02-21 07:34:25,499 [Thread-58      ] INFO  JmsProducer                    - Started PRODUCER-6 on topic: test-topic1
2012-02-21 07:34:25,549 [Thread-60      ] INFO  JmsProducer                    - Started PRODUCER-7 on topic: test-topic1
2012-02-21 07:34:25,669 [Thread-62      ] INFO  JmsProducer                    - Started PRODUCER-8 on topic: test-topic1
2012-02-21 07:34:25,672 [Thread-64      ] INFO  JmsProducer                    - Started PRODUCER-9 on topic: test-topic1
2012-02-21 07:34:25,678 [Thread-66      ] INFO  JmsProducer                    - Started PRODUCER-0 on topic: test-topic2
2012-02-21 07:34:25,763 [Thread-68      ] INFO  JmsProducer                    - Started PRODUCER-1 on topic: test-topic2
2012-02-21 07:34:25,784 [Thread-70      ] INFO  JmsProducer                    - Started PRODUCER-2 on topic: test-topic2
2012-02-21 07:34:25,796 [Thread-72      ] INFO  JmsProducer                    - Started PRODUCER-3 on topic: test-topic2
2012-02-21 07:34:25,840 [Thread-74      ] INFO  JmsProducer                    - Started PRODUCER-4 on topic: test-topic2
2012-02-21 07:34:25,845 [Thread-76      ] INFO  JmsProducer                    - Started PRODUCER-5 on topic: test-topic2
2012-02-21 07:34:25,949 [Thread-78      ] INFO  JmsProducer                    - Started PRODUCER-6 on topic: test-topic2
2012-02-21 07:34:26,000 [Thread-80      ] INFO  JmsProducer                    - Started PRODUCER-7 on topic: test-topic2
2012-02-21 07:34:26,004 [Thread-82      ] INFO  JmsProducer                    - Started PRODUCER-8 on topic: test-topic2
stopping all producers after 0 seconds
2012-02-21 07:34:26,012 [Thread-84      ] INFO  JmsProducer                    - Started PRODUCER-9 on topic: test-topic2
stopped all producers
stopping all consumers after 60 seconds
stopped all consumers
produced 44670 messages in 0 seconds Infinity msg/sec
consumed 1409903 messages in 60 seconds 23498.383333333335 msg/sec
[INFO] ------------------------------------------------------------------------
[INFO] BUILD SUCCESS
[INFO] ------------------------------------------------------------------------
[INFO] Total time: 1:11.187s
[INFO] Finished at: Tue Feb 21 07:35:31 EST 2012
[INFO] Final Memory: 12M/111M
[INFO] ------------------------------------------------------------------------
=======================================================================
SCENARIO Drainage Only STARTING:  Tue Feb 21 07:35:42 EST 2012
=======================================================================
[INFO] Scanning for projects...
[INFO]                                                                         
[INFO] ------------------------------------------------------------------------
[INFO] Building DEV-3824-Testcase 0.0.1-SNAPSHOT
[INFO] ------------------------------------------------------------------------
[INFO] 
[INFO] --- maven-resources-plugin:2.4.3:resources (default-resources) @ DEV-3624 ---
[WARNING] Using platform encoding (UTF-8 actually) to copy filtered resources, i.e. build is platform dependent!
[INFO] Copying 0 resource
[INFO] 
[INFO] --- maven-compiler-plugin:2.3.2:compile (default-compile) @ DEV-3624 ---
[INFO] Nothing to compile - all classes are up to date
[INFO] 
[INFO] --- maven-resources-plugin:2.4.3:testResources (default-testResources) @ DEV-3624 ---
[WARNING] Using platform encoding (UTF-8 actually) to copy filtered resources, i.e. build is platform dependent!
[INFO] Copying 25 resources
[INFO] 
[INFO] --- maven-compiler-plugin:2.3.2:testCompile (default-testCompile) @ DEV-3624 ---
[INFO] Nothing to compile - all classes are up to date
[INFO] 
[INFO] --- maven-surefire-plugin:2.7.2:test (default-test) @ DEV-3624 ---
[INFO] Surefire report directory: /home/chirino/sandbox/DEV-3624/target/surefire-reports

-------------------------------------------------------
 T E S T S
-------------------------------------------------------
Running com.yahoo.activemq.test.ActiveMQJmsTest
Tests run: 0, Failures: 0, Errors: 0, Skipped: 0, Time elapsed: 0.008 sec
Running com.yahoo.activemq.test.ApolloJmsTest
Tests run: 0, Failures: 0, Errors: 0, Skipped: 0, Time elapsed: 0.001 sec
Running com.yahoo.activemq.test.EmbeddedBrokerStompTest
Tests run: 0, Failures: 0, Errors: 0, Skipped: 0, Time elapsed: 0 sec
There are no tests to run.

Results :

Tests run: 0, Failures: 0, Errors: 0, Skipped: 0

[INFO] 
[INFO] >>> exec-maven-plugin:1.2.1:java (default) @ DEV-3624 >>>
[INFO] 
[INFO] <<< exec-maven-plugin:1.2.1:java (default) @ DEV-3624 <<<
[INFO] 
[INFO] --- exec-maven-plugin:1.2.1:java (default) @ DEV-3624 ---
Running producers for 0 seconds
Running consumers for 60 seconds
2012-02-21 07:35:50,950 [Thread-8       ] INFO  JmsConsumer                    - Started durable shared CONSUMER-1 on topic: test-topic1
2012-02-21 07:35:50,954 [Thread-24      ] INFO  JmsConsumer                    - Started durable shared CONSUMER-9 on topic: test-topic1
2012-02-21 07:35:50,950 [Thread-20      ] INFO  JmsConsumer                    - Started durable shared CONSUMER-7 on topic: test-topic1
2012-02-21 07:35:50,950 [Thread-12      ] INFO  JmsConsumer                    - Started durable shared CONSUMER-3 on topic: test-topic1
2012-02-21 07:35:50,950 [Thread-22      ] INFO  JmsConsumer                    - Started durable shared CONSUMER-8 on topic: test-topic1
2012-02-21 07:35:50,950 [Thread-6       ] INFO  JmsConsumer                    - Started durable shared CONSUMER-0 on topic: test-topic1
2012-02-21 07:35:50,950 [Thread-10      ] INFO  JmsConsumer                    - Started durable shared CONSUMER-2 on topic: test-topic1
2012-02-21 07:35:50,950 [Thread-16      ] INFO  JmsConsumer                    - Started durable shared CONSUMER-5 on topic: test-topic1
2012-02-21 07:35:50,950 [Thread-18      ] INFO  JmsConsumer                    - Started durable shared CONSUMER-6 on topic: test-topic1
2012-02-21 07:35:50,950 [Thread-14      ] INFO  JmsConsumer                    - Started durable shared CONSUMER-4 on topic: test-topic1
2012-02-21 07:35:50,958 [Thread-26      ] INFO  JmsConsumer                    - Started durable shared CONSUMER-0 on topic: test-topic2
2012-02-21 07:35:50,962 [Thread-28      ] INFO  JmsConsumer                    - Started durable shared CONSUMER-1 on topic: test-topic2
2012-02-21 07:35:50,967 [Thread-30      ] INFO  JmsConsumer                    - Started durable shared CONSUMER-2 on topic: test-topic2
2012-02-21 07:35:50,972 [Thread-32      ] INFO  JmsConsumer                    - Started durable shared CONSUMER-3 on topic: test-topic2
2012-02-21 07:35:50,977 [Thread-34      ] INFO  JmsConsumer                    - Started durable shared CONSUMER-4 on topic: test-topic2
2012-02-21 07:35:50,983 [Thread-36      ] INFO  JmsConsumer                    - Started durable shared CONSUMER-5 on topic: test-topic2
2012-02-21 07:35:50,988 [Thread-38      ] INFO  JmsConsumer                    - Started durable shared CONSUMER-6 on topic: test-topic2
2012-02-21 07:35:50,996 [Thread-40      ] INFO  JmsConsumer                    - Started durable shared CONSUMER-7 on topic: test-topic2
2012-02-21 07:35:51,002 [Thread-42      ] INFO  JmsConsumer                    - Started durable shared CONSUMER-8 on topic: test-topic2
2012-02-21 07:35:51,009 [Thread-44      ] INFO  JmsConsumer                    - Started durable shared CONSUMER-9 on topic: test-topic2
2012-02-21 07:35:51,023 [Thread-46      ] INFO  JmsProducer                    - Started PRODUCER-0 on topic: test-topic1
2012-02-21 07:35:51,040 [Thread-48      ] INFO  JmsProducer                    - Started PRODUCER-1 on topic: test-topic1
2012-02-21 07:35:51,055 [Thread-50      ] INFO  JmsProducer                    - Started PRODUCER-2 on topic: test-topic1
2012-02-21 07:35:51,069 [Thread-52      ] INFO  JmsProducer                    - Started PRODUCER-3 on topic: test-topic1
2012-02-21 07:35:51,074 [Thread-54      ] INFO  JmsProducer                    - Started PRODUCER-4 on topic: test-topic1
2012-02-21 07:35:51,211 [Thread-56      ] INFO  JmsProducer                    - Started PRODUCER-5 on topic: test-topic1
2012-02-21 07:35:51,462 [Thread-58      ] INFO  JmsProducer                    - Started PRODUCER-6 on topic: test-topic1
2012-02-21 07:35:51,477 [Thread-60      ] INFO  JmsProducer                    - Started PRODUCER-7 on topic: test-topic1
2012-02-21 07:35:51,515 [Thread-62      ] INFO  JmsProducer                    - Started PRODUCER-8 on topic: test-topic1
2012-02-21 07:35:51,561 [Thread-64      ] INFO  JmsProducer                    - Started PRODUCER-9 on topic: test-topic1
2012-02-21 07:35:51,660 [Thread-66      ] INFO  JmsProducer                    - Started PRODUCER-0 on topic: test-topic2
2012-02-21 07:35:51,939 [Thread-68      ] INFO  JmsProducer                    - Started PRODUCER-1 on topic: test-topic2
2012-02-21 07:35:51,948 [Thread-70      ] INFO  JmsProducer                    - Started PRODUCER-2 on topic: test-topic2
2012-02-21 07:35:51,954 [Thread-72      ] INFO  JmsProducer                    - Started PRODUCER-3 on topic: test-topic2
2012-02-21 07:35:52,198 [Thread-74      ] INFO  JmsProducer                    - Started PRODUCER-4 on topic: test-topic2
2012-02-21 07:35:52,220 [Thread-76      ] INFO  JmsProducer                    - Started PRODUCER-5 on topic: test-topic2
2012-02-21 07:35:52,408 [Thread-78      ] INFO  JmsProducer                    - Started PRODUCER-6 on topic: test-topic2
2012-02-21 07:35:52,412 [Thread-80      ] INFO  JmsProducer                    - Started PRODUCER-7 on topic: test-topic2
2012-02-21 07:35:52,416 [Thread-82      ] INFO  JmsProducer                    - Started PRODUCER-8 on topic: test-topic2
stopping all producers after 0 seconds
2012-02-21 07:35:52,422 [Thread-84      ] INFO  JmsProducer                    - Started PRODUCER-9 on topic: test-topic2
stopped all producers
stopping all consumers after 60 seconds
stopped all consumers
produced 45932 messages in 0 seconds Infinity msg/sec
consumed 781520 messages in 60 seconds 13025.333333333334 msg/sec
[INFO] ------------------------------------------------------------------------
[INFO] BUILD SUCCESS
[INFO] ------------------------------------------------------------------------
[INFO] Total time: 1:25.793s
[INFO] Finished at: Tue Feb 21 07:37:11 EST 2012
[INFO] Final Memory: 11M/137M
[INFO] ------------------------------------------------------------------------
=======================================================================
SCENARIO Drainage Only STARTING:  Tue Feb 21 07:37:22 EST 2012
=======================================================================
[INFO] Scanning for projects...
[INFO]                                                                         
[INFO] ------------------------------------------------------------------------
[INFO] Building DEV-3824-Testcase 0.0.1-SNAPSHOT
[INFO] ------------------------------------------------------------------------
[INFO] 
[INFO] --- maven-resources-plugin:2.4.3:resources (default-resources) @ DEV-3624 ---
[WARNING] Using platform encoding (UTF-8 actually) to copy filtered resources, i.e. build is platform dependent!
[INFO] Copying 0 resource
[INFO] 
[INFO] --- maven-compiler-plugin:2.3.2:compile (default-compile) @ DEV-3624 ---
[INFO] Nothing to compile - all classes are up to date
[INFO] 
[INFO] --- maven-resources-plugin:2.4.3:testResources (default-testResources) @ DEV-3624 ---
[WARNING] Using platform encoding (UTF-8 actually) to copy filtered resources, i.e. build is platform dependent!
[INFO] Copying 25 resources
[INFO] 
[INFO] --- maven-compiler-plugin:2.3.2:testCompile (default-testCompile) @ DEV-3624 ---
[INFO] Nothing to compile - all classes are up to date
[INFO] 
[INFO] --- maven-surefire-plugin:2.7.2:test (default-test) @ DEV-3624 ---
[INFO] Surefire report directory: /home/chirino/sandbox/DEV-3624/target/surefire-reports

-------------------------------------------------------
 T E S T S
-------------------------------------------------------
Running com.yahoo.activemq.test.ActiveMQJmsTest
Tests run: 0, Failures: 0, Errors: 0, Skipped: 0, Time elapsed: 0 sec
Running com.yahoo.activemq.test.ApolloJmsTest
Tests run: 0, Failures: 0, Errors: 0, Skipped: 0, Time elapsed: 0.001 sec
Running com.yahoo.activemq.test.EmbeddedBrokerStompTest
Tests run: 0, Failures: 0, Errors: 0, Skipped: 0, Time elapsed: 0 sec
There are no tests to run.

Results :

Tests run: 0, Failures: 0, Errors: 0, Skipped: 0

[INFO] 
[INFO] >>> exec-maven-plugin:1.2.1:java (default) @ DEV-3624 >>>
[INFO] 
[INFO] <<< exec-maven-plugin:1.2.1:java (default) @ DEV-3624 <<<
[INFO] 
[INFO] --- exec-maven-plugin:1.2.1:java (default) @ DEV-3624 ---
Running producers for 0 seconds
Running consumers for 60 seconds
2012-02-21 07:37:28,718 [Thread-6       ] INFO  JmsConsumer                    - Started durable shared CONSUMER-0 on topic: test-topic1
2012-02-21 07:37:28,719 [Thread-22      ] INFO  JmsConsumer                    - Started durable shared CONSUMER-8 on topic: test-topic1
2012-02-21 07:37:28,719 [Thread-12      ] INFO  JmsConsumer                    - Started durable shared CONSUMER-3 on topic: test-topic1
2012-02-21 07:37:28,719 [Thread-24      ] INFO  JmsConsumer                    - Started durable shared CONSUMER-9 on topic: test-topic1
2012-02-21 07:37:28,719 [Thread-14      ] INFO  JmsConsumer                    - Started durable shared CONSUMER-4 on topic: test-topic1
2012-02-21 07:37:28,719 [Thread-16      ] INFO  JmsConsumer                    - Started durable shared CONSUMER-5 on topic: test-topic1
2012-02-21 07:37:28,719 [Thread-28      ] INFO  JmsConsumer                    - Started durable shared CONSUMER-1 on topic: test-topic2
2012-02-21 07:37:28,719 [Thread-10      ] INFO  JmsConsumer                    - Started durable shared CONSUMER-2 on topic: test-topic1
2012-02-21 07:37:28,719 [Thread-8       ] INFO  JmsConsumer                    - Started durable shared CONSUMER-1 on topic: test-topic1
2012-02-21 07:37:28,718 [Thread-18      ] INFO  JmsConsumer                    - Started durable shared CONSUMER-6 on topic: test-topic1
2012-02-21 07:37:28,718 [Thread-26      ] INFO  JmsConsumer                    - Started durable shared CONSUMER-0 on topic: test-topic2
2012-02-21 07:37:28,718 [Thread-20      ] INFO  JmsConsumer                    - Started durable shared CONSUMER-7 on topic: test-topic1
2012-02-21 07:37:28,719 [Thread-32      ] INFO  JmsConsumer                    - Started durable shared CONSUMER-3 on topic: test-topic2
2012-02-21 07:37:28,718 [Thread-30      ] INFO  JmsConsumer                    - Started durable shared CONSUMER-2 on topic: test-topic2
2012-02-21 07:37:28,722 [Thread-34      ] INFO  JmsConsumer                    - Started durable shared CONSUMER-4 on topic: test-topic2
2012-02-21 07:37:28,728 [Thread-36      ] INFO  JmsConsumer                    - Started durable shared CONSUMER-5 on topic: test-topic2
2012-02-21 07:37:28,733 [Thread-38      ] INFO  JmsConsumer                    - Started durable shared CONSUMER-6 on topic: test-topic2
2012-02-21 07:37:28,741 [Thread-40      ] INFO  JmsConsumer                    - Started durable shared CONSUMER-7 on topic: test-topic2
2012-02-21 07:37:28,745 [Thread-42      ] INFO  JmsConsumer                    - Started durable shared CONSUMER-8 on topic: test-topic2
2012-02-21 07:37:28,750 [Thread-44      ] INFO  JmsConsumer                    - Started durable shared CONSUMER-9 on topic: test-topic2
2012-02-21 07:37:28,809 [Thread-46      ] INFO  JmsProducer                    - Started PRODUCER-0 on topic: test-topic1
2012-02-21 07:37:28,813 [Thread-48      ] INFO  JmsProducer                    - Started PRODUCER-1 on topic: test-topic1
2012-02-21 07:37:28,818 [Thread-50      ] INFO  JmsProducer                    - Started PRODUCER-2 on topic: test-topic1
2012-02-21 07:37:28,822 [Thread-52      ] INFO  JmsProducer                    - Started PRODUCER-3 on topic: test-topic1
2012-02-21 07:37:28,828 [Thread-54      ] INFO  JmsProducer                    - Started PRODUCER-4 on topic: test-topic1
2012-02-21 07:37:28,930 [Thread-58      ] INFO  JmsProducer                    - Started PRODUCER-6 on topic: test-topic1
2012-02-21 07:37:28,930 [Thread-56      ] INFO  JmsProducer                    - Started PRODUCER-5 on topic: test-topic1
2012-02-21 07:37:28,997 [Thread-60      ] INFO  JmsProducer                    - Started PRODUCER-7 on topic: test-topic1
2012-02-21 07:37:29,081 [Thread-62      ] INFO  JmsProducer                    - Started PRODUCER-8 on topic: test-topic1
2012-02-21 07:37:29,094 [Thread-64      ] INFO  JmsProducer                    - Started PRODUCER-9 on topic: test-topic1
2012-02-21 07:37:29,098 [Thread-66      ] INFO  JmsProducer                    - Started PRODUCER-0 on topic: test-topic2
2012-02-21 07:37:29,339 [Thread-68      ] INFO  JmsProducer                    - Started PRODUCER-1 on topic: test-topic2
2012-02-21 07:37:29,386 [Thread-70      ] INFO  JmsProducer                    - Started PRODUCER-2 on topic: test-topic2
2012-02-21 07:37:29,474 [Thread-72      ] INFO  JmsProducer                    - Started PRODUCER-3 on topic: test-topic2
2012-02-21 07:37:29,581 [Thread-74      ] INFO  JmsProducer                    - Started PRODUCER-4 on topic: test-topic2
2012-02-21 07:37:29,741 [Thread-76      ] INFO  JmsProducer                    - Started PRODUCER-5 on topic: test-topic2
2012-02-21 07:37:29,947 [Thread-78      ] INFO  JmsProducer                    - Started PRODUCER-6 on topic: test-topic2
2012-02-21 07:37:30,140 [Thread-80      ] INFO  JmsProducer                    - Started PRODUCER-7 on topic: test-topic2
2012-02-21 07:37:30,144 [Thread-82      ] INFO  JmsProducer                    - Started PRODUCER-8 on topic: test-topic2
stopping all producers after 0 seconds
2012-02-21 07:37:30,175 [Thread-84      ] INFO  JmsProducer                    - Started PRODUCER-9 on topic: test-topic2
stopped all producers
stopping all consumers after 60 seconds
stopped all consumers
produced 79550 messages in 0 seconds Infinity msg/sec
consumed 79550 messages in 60 seconds 1325.8333333333333 msg/sec
[INFO] ------------------------------------------------------------------------
[INFO] BUILD SUCCESS
[INFO] ------------------------------------------------------------------------
[INFO] Total time: 1:23.979s
[INFO] Finished at: Tue Feb 21 07:38:48 EST 2012
[INFO] Final Memory: 13M/415M
[INFO] ------------------------------------------------------------------------
=======================================================================
SCENARIO Drainage Only STARTING:  Tue Feb 21 07:38:58 EST 2012
=======================================================================
[INFO] Scanning for projects...
[INFO]                                                                         
[INFO] ------------------------------------------------------------------------
[INFO] Building DEV-3824-Testcase 0.0.1-SNAPSHOT
[INFO] ------------------------------------------------------------------------
[INFO] 
[INFO] --- maven-resources-plugin:2.4.3:resources (default-resources) @ DEV-3624 ---
[WARNING] Using platform encoding (UTF-8 actually) to copy filtered resources, i.e. build is platform dependent!
[INFO] Copying 0 resource
[INFO] 
[INFO] --- maven-compiler-plugin:2.3.2:compile (default-compile) @ DEV-3624 ---
[INFO] Nothing to compile - all classes are up to date
[INFO] 
[INFO] --- maven-resources-plugin:2.4.3:testResources (default-testResources) @ DEV-3624 ---
[WARNING] Using platform encoding (UTF-8 actually) to copy filtered resources, i.e. build is platform dependent!
[INFO] Copying 25 resources
[INFO] 
[INFO] --- maven-compiler-plugin:2.3.2:testCompile (default-testCompile) @ DEV-3624 ---
[INFO] Nothing to compile - all classes are up to date
[INFO] 
[INFO] --- maven-surefire-plugin:2.7.2:test (default-test) @ DEV-3624 ---
[INFO] Surefire report directory: /home/chirino/sandbox/DEV-3624/target/surefire-reports

-------------------------------------------------------
 T E S T S
-------------------------------------------------------
Running com.yahoo.activemq.test.ActiveMQJmsTest
Tests run: 0, Failures: 0, Errors: 0, Skipped: 0, Time elapsed: 0.001 sec
Running com.yahoo.activemq.test.ApolloJmsTest
Tests run: 0, Failures: 0, Errors: 0, Skipped: 0, Time elapsed: 0 sec
Running com.yahoo.activemq.test.EmbeddedBrokerStompTest
Tests run: 0, Failures: 0, Errors: 0, Skipped: 0, Time elapsed: 0.001 sec
There are no tests to run.

Results :

Tests run: 0, Failures: 0, Errors: 0, Skipped: 0

[INFO] 
[INFO] >>> exec-maven-plugin:1.2.1:java (default) @ DEV-3624 >>>
[INFO] 
[INFO] <<< exec-maven-plugin:1.2.1:java (default) @ DEV-3624 <<<
[INFO] 
[INFO] --- exec-maven-plugin:1.2.1:java (default) @ DEV-3624 ---
Running producers for 0 seconds
Running consumers for 60 seconds
2012-02-21 07:39:00,684 [Thread-6       ] INFO  JmsConsumer                    - Started durable shared CONSUMER-0 on topic: test-topic1
2012-02-21 07:39:00,708 [Thread-8       ] INFO  JmsConsumer                    - Started durable shared CONSUMER-1 on topic: test-topic1
2012-02-21 07:39:00,712 [Thread-10      ] INFO  JmsConsumer                    - Started durable shared CONSUMER-2 on topic: test-topic1
2012-02-21 07:39:00,714 [Thread-12      ] INFO  JmsConsumer                    - Started durable shared CONSUMER-3 on topic: test-topic1
2012-02-21 07:39:00,756 [Thread-14      ] INFO  JmsConsumer                    - Started durable shared CONSUMER-4 on topic: test-topic1
2012-02-21 07:39:00,758 [Thread-16      ] INFO  JmsConsumer                    - Started durable shared CONSUMER-5 on topic: test-topic1
2012-02-21 07:39:00,765 [Thread-18      ] INFO  JmsConsumer                    - Started durable shared CONSUMER-6 on topic: test-topic1
2012-02-21 07:39:00,770 [Thread-20      ] INFO  JmsConsumer                    - Started durable shared CONSUMER-7 on topic: test-topic1
2012-02-21 07:39:00,772 [Thread-22      ] INFO  JmsConsumer                    - Started durable shared CONSUMER-8 on topic: test-topic1
2012-02-21 07:39:00,774 [Thread-24      ] INFO  JmsConsumer                    - Started durable shared CONSUMER-9 on topic: test-topic1
2012-02-21 07:39:00,812 [Thread-26      ] INFO  JmsConsumer                    - Started durable shared CONSUMER-0 on topic: test-topic2
2012-02-21 07:39:00,817 [Thread-28      ] INFO  JmsConsumer                    - Started durable shared CONSUMER-1 on topic: test-topic2
2012-02-21 07:39:00,820 [Thread-30      ] INFO  JmsConsumer                    - Started durable shared CONSUMER-2 on topic: test-topic2
2012-02-21 07:39:00,860 [Thread-32      ] INFO  JmsConsumer                    - Started durable shared CONSUMER-3 on topic: test-topic2
2012-02-21 07:39:00,864 [Thread-34      ] INFO  JmsConsumer                    - Started durable shared CONSUMER-4 on topic: test-topic2
2012-02-21 07:39:00,908 [Thread-36      ] INFO  JmsConsumer                    - Started durable shared CONSUMER-5 on topic: test-topic2
2012-02-21 07:39:00,912 [Thread-38      ] INFO  JmsConsumer                    - Started durable shared CONSUMER-6 on topic: test-topic2
2012-02-21 07:39:00,915 [Thread-40      ] INFO  JmsConsumer                    - Started durable shared CONSUMER-7 on topic: test-topic2
2012-02-21 07:39:00,919 [Thread-42      ] INFO  JmsConsumer                    - Started durable shared CONSUMER-8 on topic: test-topic2
2012-02-21 07:39:00,922 [Thread-44      ] INFO  JmsConsumer                    - Started durable shared CONSUMER-9 on topic: test-topic2
2012-02-21 07:39:00,927 [Thread-46      ] INFO  JmsProducer                    - Started PRODUCER-0 on topic: test-topic1
2012-02-21 07:39:00,931 [Thread-48      ] INFO  JmsProducer                    - Started PRODUCER-1 on topic: test-topic1
2012-02-21 07:39:00,935 [Thread-50      ] INFO  JmsProducer                    - Started PRODUCER-2 on topic: test-topic1
2012-02-21 07:39:00,940 [Thread-52      ] INFO  JmsProducer                    - Started PRODUCER-3 on topic: test-topic1
2012-02-21 07:39:00,948 [Thread-54      ] INFO  JmsProducer                    - Started PRODUCER-4 on topic: test-topic1
2012-02-21 07:39:00,961 [Thread-56      ] INFO  JmsProducer                    - Started PRODUCER-5 on topic: test-topic1
2012-02-21 07:39:00,964 [Thread-58      ] INFO  JmsProducer                    - Started PRODUCER-6 on topic: test-topic1
2012-02-21 07:39:00,983 [Thread-60      ] INFO  JmsProducer                    - Started PRODUCER-7 on topic: test-topic1
2012-02-21 07:39:00,996 [Thread-62      ] INFO  JmsProducer                    - Started PRODUCER-8 on topic: test-topic1
2012-02-21 07:39:01,097 [Thread-64      ] INFO  JmsProducer                    - Started PRODUCER-9 on topic: test-topic1
2012-02-21 07:39:01,122 [Thread-66      ] INFO  JmsProducer                    - Started PRODUCER-0 on topic: test-topic2
2012-02-21 07:39:01,186 [Thread-68      ] INFO  JmsProducer                    - Started PRODUCER-1 on topic: test-topic2
2012-02-21 07:39:01,371 [Thread-70      ] INFO  JmsProducer                    - Started PRODUCER-2 on topic: test-topic2
2012-02-21 07:39:01,430 [Thread-72      ] INFO  JmsProducer                    - Started PRODUCER-3 on topic: test-topic2
2012-02-21 07:39:01,551 [Thread-74      ] INFO  JmsProducer                    - Started PRODUCER-4 on topic: test-topic2
2012-02-21 07:39:01,699 [Thread-76      ] INFO  JmsProducer                    - Started PRODUCER-5 on topic: test-topic2
2012-02-21 07:39:01,776 [Thread-78      ] INFO  JmsProducer                    - Started PRODUCER-6 on topic: test-topic2
2012-02-21 07:39:01,897 [Thread-80      ] INFO  JmsProducer                    - Started PRODUCER-7 on topic: test-topic2
2012-02-21 07:39:01,995 [Thread-82      ] INFO  JmsProducer                    - Started PRODUCER-8 on topic: test-topic2
stopping all producers after 0 seconds
2012-02-21 07:39:02,081 [Thread-84      ] INFO  JmsProducer                    - Started PRODUCER-9 on topic: test-topic2
stopped all producers
stopping all consumers after 60 seconds
stopped all consumers
produced 64424 messages in 0 seconds Infinity msg/sec
consumed 64424 messages in 60 seconds 1073.7333333333333 msg/sec
[INFO] ------------------------------------------------------------------------
[INFO] BUILD SUCCESS
[INFO] ------------------------------------------------------------------------
[INFO] Total time: 1:17.886s
[INFO] Finished at: Tue Feb 21 07:40:17 EST 2012
[INFO] Final Memory: 13M/415M
[INFO] ------------------------------------------------------------------------
=======================================================================
SCENARIO Sunny STARTING:  Tue Feb 21 08:52:23 EST 2012
=======================================================================
[INFO] Scanning for projects...
[INFO]                                                                         
[INFO] ------------------------------------------------------------------------
[INFO] Building DEV-3824-Testcase 0.0.1-SNAPSHOT
[INFO] ------------------------------------------------------------------------
[INFO] 
[INFO] --- maven-resources-plugin:2.4.3:resources (default-resources) @ DEV-3624 ---
[WARNING] Using platform encoding (UTF-8 actually) to copy filtered resources, i.e. build is platform dependent!
[INFO] Copying 0 resource
[INFO] 
[INFO] --- maven-compiler-plugin:2.3.2:compile (default-compile) @ DEV-3624 ---
[INFO] Nothing to compile - all classes are up to date
[INFO] 
[INFO] --- maven-resources-plugin:2.4.3:testResources (default-testResources) @ DEV-3624 ---
[WARNING] Using platform encoding (UTF-8 actually) to copy filtered resources, i.e. build is platform dependent!
[INFO] Copying 25 resources
[INFO] 
[INFO] --- maven-compiler-plugin:2.3.2:testCompile (default-testCompile) @ DEV-3624 ---
[INFO] Nothing to compile - all classes are up to date
[INFO] 
[INFO] --- maven-surefire-plugin:2.7.2:test (default-test) @ DEV-3624 ---
[INFO] Surefire report directory: /home/chirino/sandbox/DEV-3624/target/surefire-reports

-------------------------------------------------------
 T E S T S
-------------------------------------------------------
Running com.yahoo.activemq.test.ActiveMQJmsTest
Tests run: 0, Failures: 0, Errors: 0, Skipped: 0, Time elapsed: 0.009 sec
Running com.yahoo.activemq.test.ApolloJmsTest
Tests run: 0, Failures: 0, Errors: 0, Skipped: 0, Time elapsed: 0 sec
Running com.yahoo.activemq.test.EmbeddedBrokerStompTest
Tests run: 0, Failures: 0, Errors: 0, Skipped: 0, Time elapsed: 0 sec
There are no tests to run.

Results :

Tests run: 0, Failures: 0, Errors: 0, Skipped: 0

[INFO] 
[INFO] >>> exec-maven-plugin:1.2.1:java (default) @ DEV-3624 >>>
[INFO] 
[INFO] <<< exec-maven-plugin:1.2.1:java (default) @ DEV-3624 <<<
[INFO] 
[INFO] --- exec-maven-plugin:1.2.1:java (default) @ DEV-3624 ---
Running producers for 600 seconds
Running consumers for 600 seconds
2012-02-21 08:52:27,630 [Thread-8       ] INFO  JmsConsumer                    - Started durable shared CONSUMER-1 on topic: test-topic1
2012-02-21 08:52:27,630 [Thread-6       ] INFO  JmsConsumer                    - Started durable shared CONSUMER-0 on topic: test-topic1
2012-02-21 08:52:27,633 [Thread-10      ] INFO  JmsConsumer                    - Started durable shared CONSUMER-2 on topic: test-topic1
2012-02-21 08:52:27,636 [Thread-12      ] INFO  JmsConsumer                    - Started durable shared CONSUMER-3 on topic: test-topic1
2012-02-21 08:52:27,640 [Thread-14      ] INFO  JmsConsumer                    - Started durable shared CONSUMER-4 on topic: test-topic1
2012-02-21 08:52:27,644 [Thread-16      ] INFO  JmsConsumer                    - Started durable shared CONSUMER-0 on topic: test-topic1
2012-02-21 08:52:27,654 [Thread-18      ] INFO  JmsConsumer                    - Started durable shared CONSUMER-1 on topic: test-topic1
2012-02-21 08:52:27,948 [Thread-20      ] INFO  JmsConsumer                    - Started durable shared CONSUMER-2 on topic: test-topic1
2012-02-21 08:52:29,082 [Thread-22      ] INFO  JmsConsumer                    - Started durable shared CONSUMER-3 on topic: test-topic1
2012-02-21 08:52:29,087 [Thread-24      ] INFO  JmsConsumer                    - Started durable shared CONSUMER-4 on topic: test-topic1
2012-02-21 08:52:29,090 [Thread-26      ] INFO  JmsConsumer                    - Started durable shared CONSUMER-0 on topic: test-topic2
2012-02-21 08:52:29,093 [Thread-28      ] INFO  JmsConsumer                    - Started durable shared CONSUMER-1 on topic: test-topic2
2012-02-21 08:52:29,097 [Thread-30      ] INFO  JmsConsumer                    - Started durable shared CONSUMER-2 on topic: test-topic2
2012-02-21 08:52:29,101 [Thread-32      ] INFO  JmsConsumer                    - Started durable shared CONSUMER-3 on topic: test-topic2
2012-02-21 08:52:29,104 [Thread-34      ] INFO  JmsConsumer                    - Started durable shared CONSUMER-4 on topic: test-topic2
2012-02-21 08:52:29,111 [Thread-36      ] INFO  JmsConsumer                    - Started durable shared CONSUMER-0 on topic: test-topic2
2012-02-21 08:52:29,117 [Thread-38      ] INFO  JmsConsumer                    - Started durable shared CONSUMER-1 on topic: test-topic2
2012-02-21 08:52:29,161 [Thread-40      ] INFO  JmsConsumer                    - Started durable shared CONSUMER-2 on topic: test-topic2
2012-02-21 08:52:29,167 [Thread-42      ] INFO  JmsConsumer                    - Started durable shared CONSUMER-3 on topic: test-topic2
2012-02-21 08:52:29,173 [Thread-44      ] INFO  JmsConsumer                    - Started durable shared CONSUMER-4 on topic: test-topic2
2012-02-21 08:52:29,180 [Thread-46      ] INFO  JmsProducer                    - Started PRODUCER-0 on topic: test-topic1
2012-02-21 08:52:29,185 [Thread-48      ] INFO  JmsProducer                    - Started PRODUCER-1 on topic: test-topic1
2012-02-21 08:52:29,190 [Thread-50      ] INFO  JmsProducer                    - Started PRODUCER-2 on topic: test-topic1
2012-02-21 08:52:32,804 [Thread-52      ] INFO  JmsProducer                    - Started PRODUCER-3 on topic: test-topic1
2012-02-21 08:52:33,284 [Thread-54      ] INFO  JmsProducer                    - Started PRODUCER-4 on topic: test-topic1
2012-02-21 08:52:34,721 [Thread-56      ] INFO  JmsProducer                    - Started PRODUCER-5 on topic: test-topic1
2012-02-21 08:52:34,775 [Thread-58      ] INFO  JmsProducer                    - Started PRODUCER-6 on topic: test-topic1
2012-02-21 08:52:34,791 [Thread-60      ] INFO  JmsProducer                    - Started PRODUCER-7 on topic: test-topic1
2012-02-21 08:52:35,167 [Thread-62      ] INFO  JmsProducer                    - Started PRODUCER-8 on topic: test-topic1
2012-02-21 08:52:35,179 [Thread-64      ] INFO  JmsProducer                    - Started PRODUCER-9 on topic: test-topic1
2012-02-21 08:52:35,198 [Thread-66      ] INFO  JmsProducer                    - Started PRODUCER-0 on topic: test-topic2
2012-02-21 08:52:35,295 [Thread-68      ] INFO  JmsProducer                    - Started PRODUCER-1 on topic: test-topic2
2012-02-21 08:52:35,877 [Thread-70      ] INFO  JmsProducer                    - Started PRODUCER-2 on topic: test-topic2
2012-02-21 08:52:36,466 [Thread-72      ] INFO  JmsProducer                    - Started PRODUCER-3 on topic: test-topic2
2012-02-21 08:52:37,121 [Thread-74      ] INFO  JmsProducer                    - Started PRODUCER-4 on topic: test-topic2
=======================================================================
SCENARIO Sunny STARTING:  Tue Feb 21 08:53:08 EST 2012
=======================================================================
[INFO] Scanning for projects...
[INFO]                                                                         
[INFO] ------------------------------------------------------------------------
[INFO] Building DEV-3824-Testcase 0.0.1-SNAPSHOT
[INFO] ------------------------------------------------------------------------
[INFO] 
[INFO] --- maven-resources-plugin:2.4.3:resources (default-resources) @ DEV-3624 ---
[WARNING] Using platform encoding (UTF-8 actually) to copy filtered resources, i.e. build is platform dependent!
[INFO] Copying 0 resource
[INFO] 
[INFO] --- maven-compiler-plugin:2.3.2:compile (default-compile) @ DEV-3624 ---
[INFO] Nothing to compile - all classes are up to date
[INFO] 
[INFO] --- maven-resources-plugin:2.4.3:testResources (default-testResources) @ DEV-3624 ---
[WARNING] Using platform encoding (UTF-8 actually) to copy filtered resources, i.e. build is platform dependent!
[INFO] Copying 25 resources
[INFO] 
[INFO] --- maven-compiler-plugin:2.3.2:testCompile (default-testCompile) @ DEV-3624 ---
[INFO] Nothing to compile - all classes are up to date
[INFO] 
[INFO] --- maven-surefire-plugin:2.7.2:test (default-test) @ DEV-3624 ---
[INFO] Surefire report directory: /home/chirino/sandbox/DEV-3624/target/surefire-reports

-------------------------------------------------------
 T E S T S
-------------------------------------------------------
Running com.yahoo.activemq.test.ActiveMQJmsTest
Tests run: 0, Failures: 0, Errors: 0, Skipped: 0, Time elapsed: 0.001 sec
Running com.yahoo.activemq.test.ApolloJmsTest
Tests run: 0, Failures: 0, Errors: 0, Skipped: 0, Time elapsed: 0.001 sec
Running com.yahoo.activemq.test.EmbeddedBrokerStompTest
Tests run: 0, Failures: 0, Errors: 0, Skipped: 0, Time elapsed: 0 sec
There are no tests to run.

Results :

Tests run: 0, Failures: 0, Errors: 0, Skipped: 0

[INFO] 
[INFO] >>> exec-maven-plugin:1.2.1:java (default) @ DEV-3624 >>>
[INFO] 
[INFO] <<< exec-maven-plugin:1.2.1:java (default) @ DEV-3624 <<<
[INFO] 
[INFO] --- exec-maven-plugin:1.2.1:java (default) @ DEV-3624 ---
Running producers for 600 seconds
Running consumers for 600 seconds
2012-02-21 08:53:11,440 [Thread-12      ] INFO  JmsConsumer                    - Started durable shared CONSUMER-3 on topic: test-topic1
2012-02-21 08:53:11,441 [Thread-14      ] INFO  JmsConsumer                    - Started durable shared CONSUMER-4 on topic: test-topic1
2012-02-21 08:53:11,440 [Thread-8       ] INFO  JmsConsumer                    - Started durable shared CONSUMER-1 on topic: test-topic1
2012-02-21 08:53:11,440 [Thread-10      ] INFO  JmsConsumer                    - Started durable shared CONSUMER-2 on topic: test-topic1
2012-02-21 08:53:11,440 [Thread-6       ] INFO  JmsConsumer                    - Started durable shared CONSUMER-0 on topic: test-topic1
2012-02-21 08:53:11,443 [Thread-16      ] INFO  JmsConsumer                    - Started durable shared CONSUMER-0 on topic: test-topic1
2012-02-21 08:53:11,450 [Thread-18      ] INFO  JmsConsumer                    - Started durable shared CONSUMER-1 on topic: test-topic1
2012-02-21 08:53:11,459 [Thread-20      ] INFO  JmsConsumer                    - Started durable shared CONSUMER-2 on topic: test-topic1
2012-02-21 08:53:11,463 [Thread-22      ] INFO  JmsConsumer                    - Started durable shared CONSUMER-3 on topic: test-topic1
2012-02-21 08:53:11,466 [Thread-24      ] INFO  JmsConsumer                    - Started durable shared CONSUMER-4 on topic: test-topic1
2012-02-21 08:53:11,470 [Thread-26      ] INFO  JmsConsumer                    - Started durable shared CONSUMER-0 on topic: test-topic2
2012-02-21 08:53:11,475 [Thread-28      ] INFO  JmsConsumer                    - Started durable shared CONSUMER-1 on topic: test-topic2
2012-02-21 08:53:11,479 [Thread-30      ] INFO  JmsConsumer                    - Started durable shared CONSUMER-2 on topic: test-topic2
2012-02-21 08:53:11,485 [Thread-32      ] INFO  JmsConsumer                    - Started durable shared CONSUMER-3 on topic: test-topic2
2012-02-21 08:53:11,547 [Thread-34      ] INFO  JmsConsumer                    - Started durable shared CONSUMER-4 on topic: test-topic2
2012-02-21 08:53:11,896 [Thread-36      ] INFO  JmsConsumer                    - Started durable shared CONSUMER-0 on topic: test-topic2
2012-02-21 08:53:11,900 [Thread-38      ] INFO  JmsConsumer                    - Started durable shared CONSUMER-1 on topic: test-topic2
2012-02-21 08:53:11,905 [Thread-40      ] INFO  JmsConsumer                    - Started durable shared CONSUMER-2 on topic: test-topic2
2012-02-21 08:53:11,909 [Thread-42      ] INFO  JmsConsumer                    - Started durable shared CONSUMER-3 on topic: test-topic2
2012-02-21 08:53:11,914 [Thread-44      ] INFO  JmsConsumer                    - Started durable shared CONSUMER-4 on topic: test-topic2
2012-02-21 08:53:11,920 [Thread-46      ] INFO  JmsProducer                    - Started PRODUCER-0 on topic: test-topic1
2012-02-21 08:53:11,926 [Thread-48      ] INFO  JmsProducer                    - Started PRODUCER-1 on topic: test-topic1
2012-02-21 08:53:11,932 [Thread-50      ] INFO  JmsProducer                    - Started PRODUCER-2 on topic: test-topic1
2012-02-21 08:53:11,935 [Thread-52      ] INFO  JmsProducer                    - Started PRODUCER-3 on topic: test-topic1
2012-02-21 08:53:12,094 [Thread-54      ] INFO  JmsProducer                    - Started PRODUCER-4 on topic: test-topic1
2012-02-21 08:53:12,217 [Thread-56      ] INFO  JmsProducer                    - Started PRODUCER-5 on topic: test-topic1
2012-02-21 08:53:12,624 [Thread-58      ] INFO  JmsProducer                    - Started PRODUCER-6 on topic: test-topic1
2012-02-21 08:53:12,635 [Thread-60      ] INFO  JmsProducer                    - Started PRODUCER-7 on topic: test-topic1
2012-02-21 08:53:12,641 [Thread-62      ] INFO  JmsProducer                    - Started PRODUCER-8 on topic: test-topic1
2012-02-21 08:53:12,828 [Thread-64      ] INFO  JmsProducer                    - Started PRODUCER-9 on topic: test-topic1
2012-02-21 08:53:13,056 [Thread-66      ] INFO  JmsProducer                    - Started PRODUCER-0 on topic: test-topic2
2012-02-21 08:53:13,113 [Thread-68      ] INFO  JmsProducer                    - Started PRODUCER-1 on topic: test-topic2
2012-02-21 08:53:13,138 [Thread-70      ] INFO  JmsProducer                    - Started PRODUCER-2 on topic: test-topic2
2012-02-21 08:53:13,282 [Thread-72      ] INFO  JmsProducer                    - Started PRODUCER-3 on topic: test-topic2
2012-02-21 08:53:13,400 [Thread-74      ] INFO  JmsProducer                    - Started PRODUCER-4 on topic: test-topic2
2012-02-21 08:53:15,176 [Thread-76      ] INFO  JmsProducer                    - Started PRODUCER-5 on topic: test-topic2
2012-02-21 08:53:15,584 [Thread-78      ] INFO  JmsProducer                    - Started PRODUCER-6 on topic: test-topic2
2012-02-21 08:53:15,618 [Thread-80      ] INFO  JmsProducer                    - Started PRODUCER-7 on topic: test-topic2
2012-02-21 08:53:15,644 [Thread-82      ] INFO  JmsProducer                    - Started PRODUCER-8 on topic: test-topic2
2012-02-21 08:53:15,848 [Thread-84      ] INFO  JmsProducer                    - Started PRODUCER-9 on topic: test-topic2
=======================================================================
SCENARIO Sunny STARTING:  Tue Feb 21 08:57:34 EST 2012
=======================================================================
[INFO] Scanning for projects...
[INFO]                                                                         
[INFO] ------------------------------------------------------------------------
[INFO] Building DEV-3824-Testcase 0.0.1-SNAPSHOT
[INFO] ------------------------------------------------------------------------
[INFO] 
[INFO] --- maven-resources-plugin:2.4.3:resources (default-resources) @ DEV-3624 ---
[WARNING] Using platform encoding (UTF-8 actually) to copy filtered resources, i.e. build is platform dependent!
[INFO] Copying 0 resource
[INFO] 
[INFO] --- maven-compiler-plugin:2.3.2:compile (default-compile) @ DEV-3624 ---
[INFO] Nothing to compile - all classes are up to date
[INFO] 
[INFO] --- maven-resources-plugin:2.4.3:testResources (default-testResources) @ DEV-3624 ---
[WARNING] Using platform encoding (UTF-8 actually) to copy filtered resources, i.e. build is platform dependent!
[INFO] Copying 25 resources
[INFO] 
[INFO] --- maven-compiler-plugin:2.3.2:testCompile (default-testCompile) @ DEV-3624 ---
[INFO] Nothing to compile - all classes are up to date
[INFO] 
[INFO] --- maven-surefire-plugin:2.7.2:test (default-test) @ DEV-3624 ---
[INFO] Surefire report directory: /home/chirino/sandbox/DEV-3624/target/surefire-reports

-------------------------------------------------------
 T E S T S
-------------------------------------------------------
Running com.yahoo.activemq.test.ActiveMQJmsTest
Tests run: 0, Failures: 0, Errors: 0, Skipped: 0, Time elapsed: 0.001 sec
Running com.yahoo.activemq.test.ApolloJmsTest
Tests run: 0, Failures: 0, Errors: 0, Skipped: 0, Time elapsed: 0.001 sec
Running com.yahoo.activemq.test.EmbeddedBrokerStompTest
Tests run: 0, Failures: 0, Errors: 0, Skipped: 0, Time elapsed: 0 sec
There are no tests to run.

Results :

Tests run: 0, Failures: 0, Errors: 0, Skipped: 0

[INFO] 
[INFO] >>> exec-maven-plugin:1.2.1:java (default) @ DEV-3624 >>>
[INFO] 
[INFO] <<< exec-maven-plugin:1.2.1:java (default) @ DEV-3624 <<<
[INFO] 
[INFO] --- exec-maven-plugin:1.2.1:java (default) @ DEV-3624 ---
Running producers for 60 seconds
Running consumers for 60 seconds
2012-02-21 08:57:36,431 [Thread-6       ] INFO  JmsConsumer                    - Started durable shared CONSUMER-0 on topic: test-topic1
2012-02-21 08:57:36,431 [Thread-16      ] INFO  JmsConsumer                    - Started durable shared CONSUMER-0 on topic: test-topic1
2012-02-21 08:57:36,431 [Thread-8       ] INFO  JmsConsumer                    - Started durable shared CONSUMER-1 on topic: test-topic1
2012-02-21 08:57:36,431 [Thread-10      ] INFO  JmsConsumer                    - Started durable shared CONSUMER-2 on topic: test-topic1
2012-02-21 08:57:36,432 [Thread-14      ] INFO  JmsConsumer                    - Started durable shared CONSUMER-4 on topic: test-topic1
2012-02-21 08:57:36,431 [Thread-12      ] INFO  JmsConsumer                    - Started durable shared CONSUMER-3 on topic: test-topic1
2012-02-21 08:57:36,434 [Thread-18      ] INFO  JmsConsumer                    - Started durable shared CONSUMER-1 on topic: test-topic1
2012-02-21 08:57:36,443 [Thread-20      ] INFO  JmsConsumer                    - Started durable shared CONSUMER-2 on topic: test-topic1
2012-02-21 08:57:36,446 [Thread-22      ] INFO  JmsConsumer                    - Started durable shared CONSUMER-3 on topic: test-topic1
2012-02-21 08:57:36,448 [Thread-24      ] INFO  JmsConsumer                    - Started durable shared CONSUMER-4 on topic: test-topic1
2012-02-21 08:57:36,451 [Thread-26      ] INFO  JmsConsumer                    - Started durable shared CONSUMER-0 on topic: test-topic2
2012-02-21 08:57:36,454 [Thread-28      ] INFO  JmsConsumer                    - Started durable shared CONSUMER-1 on topic: test-topic2
2012-02-21 08:57:36,456 [Thread-30      ] INFO  JmsConsumer                    - Started durable shared CONSUMER-2 on topic: test-topic2
2012-02-21 08:57:36,458 [Thread-32      ] INFO  JmsConsumer                    - Started durable shared CONSUMER-3 on topic: test-topic2
2012-02-21 08:57:36,461 [Thread-34      ] INFO  JmsConsumer                    - Started durable shared CONSUMER-4 on topic: test-topic2
2012-02-21 08:57:36,535 [Thread-36      ] INFO  JmsConsumer                    - Started durable shared CONSUMER-0 on topic: test-topic2
2012-02-21 08:57:36,886 [Thread-38      ] INFO  JmsConsumer                    - Started durable shared CONSUMER-1 on topic: test-topic2
2012-02-21 08:57:36,891 [Thread-40      ] INFO  JmsConsumer                    - Started durable shared CONSUMER-2 on topic: test-topic2
2012-02-21 08:57:36,896 [Thread-42      ] INFO  JmsConsumer                    - Started durable shared CONSUMER-3 on topic: test-topic2
2012-02-21 08:57:36,901 [Thread-44      ] INFO  JmsConsumer                    - Started durable shared CONSUMER-4 on topic: test-topic2
2012-02-21 08:57:36,907 [Thread-46      ] INFO  JmsProducer                    - Started PRODUCER-0 on topic: test-topic1
2012-02-21 08:57:36,912 [Thread-48      ] INFO  JmsProducer                    - Started PRODUCER-1 on topic: test-topic1
2012-02-21 08:57:36,919 [Thread-50      ] INFO  JmsProducer                    - Started PRODUCER-2 on topic: test-topic1
2012-02-21 08:57:36,924 [Thread-52      ] INFO  JmsProducer                    - Started PRODUCER-3 on topic: test-topic1
2012-02-21 08:57:36,935 [Thread-54      ] INFO  JmsProducer                    - Started PRODUCER-4 on topic: test-topic1
2012-02-21 08:57:37,002 [Thread-56      ] INFO  JmsProducer                    - Started PRODUCER-5 on topic: test-topic1
2012-02-21 08:57:37,086 [Thread-58      ] INFO  JmsProducer                    - Started PRODUCER-6 on topic: test-topic1
2012-02-21 08:57:37,099 [Thread-60      ] INFO  JmsProducer                    - Started PRODUCER-7 on topic: test-topic1
2012-02-21 08:57:37,153 [Thread-62      ] INFO  JmsProducer                    - Started PRODUCER-8 on topic: test-topic1
2012-02-21 08:57:37,189 [Thread-64      ] INFO  JmsProducer                    - Started PRODUCER-9 on topic: test-topic1
2012-02-21 08:57:37,343 [Thread-66      ] INFO  JmsProducer                    - Started PRODUCER-0 on topic: test-topic2
2012-02-21 08:57:37,350 [Thread-68      ] INFO  JmsProducer                    - Started PRODUCER-1 on topic: test-topic2
2012-02-21 08:57:38,061 [Thread-70      ] INFO  JmsProducer                    - Started PRODUCER-2 on topic: test-topic2
2012-02-21 08:57:38,123 [Thread-72      ] INFO  JmsProducer                    - Started PRODUCER-3 on topic: test-topic2
2012-02-21 08:57:40,396 [Thread-74      ] INFO  JmsProducer                    - Started PRODUCER-4 on topic: test-topic2
2012-02-21 08:57:40,795 [Thread-76      ] INFO  JmsProducer                    - Started PRODUCER-5 on topic: test-topic2
2012-02-21 08:57:42,515 [Thread-78      ] INFO  JmsProducer                    - Started PRODUCER-6 on topic: test-topic2
2012-02-21 08:57:42,989 [Thread-80      ] INFO  JmsProducer                    - Started PRODUCER-7 on topic: test-topic2
2012-02-21 08:57:43,035 [Thread-82      ] INFO  JmsProducer                    - Started PRODUCER-8 on topic: test-topic2
2012-02-21 08:57:44,723 [Thread-84      ] INFO  JmsProducer                    - Started PRODUCER-9 on topic: test-topic2
stopping producer and consumer after 60 seconds
stopping producers...
stopped all producers
stopping all consumers after 60 seconds
stopped all consumers
produced 1921810 messages in 60 seconds 32030.166666666668 msg/sec
consumed 1921810 messages in 60 seconds 32030.166666666668 msg/sec
[INFO] ------------------------------------------------------------------------
[INFO] BUILD SUCCESS
[INFO] ------------------------------------------------------------------------
[INFO] Total time: 1:25.880s
[INFO] Finished at: Tue Feb 21 08:59:00 EST 2012
[INFO] Final Memory: 16M/423M
[INFO] ------------------------------------------------------------------------
=======================================================================
SCENARIO Backlog STARTING:  Tue Feb 21 08:59:10 EST 2012
=======================================================================
[INFO] Scanning for projects...
[INFO]                                                                         
[INFO] ------------------------------------------------------------------------
[INFO] Building DEV-3824-Testcase 0.0.1-SNAPSHOT
[INFO] ------------------------------------------------------------------------
[INFO] 
[INFO] --- maven-resources-plugin:2.4.3:resources (default-resources) @ DEV-3624 ---
[WARNING] Using platform encoding (UTF-8 actually) to copy filtered resources, i.e. build is platform dependent!
[INFO] Copying 0 resource
[INFO] 
[INFO] --- maven-compiler-plugin:2.3.2:compile (default-compile) @ DEV-3624 ---
[INFO] Nothing to compile - all classes are up to date
[INFO] 
[INFO] --- maven-resources-plugin:2.4.3:testResources (default-testResources) @ DEV-3624 ---
[WARNING] Using platform encoding (UTF-8 actually) to copy filtered resources, i.e. build is platform dependent!
[INFO] Copying 25 resources
[INFO] 
[INFO] --- maven-compiler-plugin:2.3.2:testCompile (default-testCompile) @ DEV-3624 ---
[INFO] Nothing to compile - all classes are up to date
[INFO] 
[INFO] --- maven-surefire-plugin:2.7.2:test (default-test) @ DEV-3624 ---
[INFO] Surefire report directory: /home/chirino/sandbox/DEV-3624/target/surefire-reports

-------------------------------------------------------
 T E S T S
-------------------------------------------------------
Running com.yahoo.activemq.test.ActiveMQJmsTest
Tests run: 0, Failures: 0, Errors: 0, Skipped: 0, Time elapsed: 0 sec
Running com.yahoo.activemq.test.ApolloJmsTest
Tests run: 0, Failures: 0, Errors: 0, Skipped: 0, Time elapsed: 0 sec
Running com.yahoo.activemq.test.EmbeddedBrokerStompTest
Tests run: 0, Failures: 0, Errors: 0, Skipped: 0, Time elapsed: 0 sec
There are no tests to run.

Results :

Tests run: 0, Failures: 0, Errors: 0, Skipped: 0

[INFO] 
[INFO] >>> exec-maven-plugin:1.2.1:java (default) @ DEV-3624 >>>
[INFO] 
[INFO] <<< exec-maven-plugin:1.2.1:java (default) @ DEV-3624 <<<
[INFO] 
[INFO] --- exec-maven-plugin:1.2.1:java (default) @ DEV-3624 ---
Running producers for 120 seconds
Running consumers for 0 seconds
2012-02-21 08:59:12,795 [Thread-16      ] INFO  JmsConsumer                    - Started durable shared CONSUMER-5 on topic: test-topic1
2012-02-21 08:59:12,795 [Thread-20      ] INFO  JmsConsumer                    - Started durable shared CONSUMER-7 on topic: test-topic1
2012-02-21 08:59:12,797 [Thread-8       ] INFO  JmsConsumer                    - Started durable shared CONSUMER-1 on topic: test-topic1
2012-02-21 08:59:12,797 [Thread-14      ] INFO  JmsConsumer                    - Started durable shared CONSUMER-4 on topic: test-topic1
2012-02-21 08:59:12,797 [Thread-12      ] INFO  JmsConsumer                    - Started durable shared CONSUMER-3 on topic: test-topic1
2012-02-21 08:59:12,797 [Thread-18      ] INFO  JmsConsumer                    - Started durable shared CONSUMER-6 on topic: test-topic1
2012-02-21 08:59:12,797 [Thread-22      ] INFO  JmsConsumer                    - Started durable shared CONSUMER-8 on topic: test-topic1
2012-02-21 08:59:12,797 [Thread-6       ] INFO  JmsConsumer                    - Started durable shared CONSUMER-0 on topic: test-topic1
2012-02-21 08:59:12,797 [Thread-10      ] INFO  JmsConsumer                    - Started durable shared CONSUMER-2 on topic: test-topic1
2012-02-21 08:59:12,799 [Thread-24      ] INFO  JmsConsumer                    - Started durable shared CONSUMER-9 on topic: test-topic1
2012-02-21 08:59:12,802 [Thread-26      ] INFO  JmsConsumer                    - Started durable shared CONSUMER-0 on topic: test-topic2
2012-02-21 08:59:12,804 [Thread-28      ] INFO  JmsConsumer                    - Started durable shared CONSUMER-1 on topic: test-topic2
2012-02-21 08:59:12,806 [Thread-30      ] INFO  JmsConsumer                    - Started durable shared CONSUMER-2 on topic: test-topic2
2012-02-21 08:59:12,809 [Thread-32      ] INFO  JmsConsumer                    - Started durable shared CONSUMER-3 on topic: test-topic2
2012-02-21 08:59:12,811 [Thread-34      ] INFO  JmsConsumer                    - Started durable shared CONSUMER-4 on topic: test-topic2
2012-02-21 08:59:12,815 [Thread-36      ] INFO  JmsConsumer                    - Started durable shared CONSUMER-5 on topic: test-topic2
2012-02-21 08:59:12,818 [Thread-38      ] INFO  JmsConsumer                    - Started durable shared CONSUMER-6 on topic: test-topic2
2012-02-21 08:59:12,821 [Thread-40      ] INFO  JmsConsumer                    - Started durable shared CONSUMER-7 on topic: test-topic2
2012-02-21 08:59:12,824 [Thread-42      ] INFO  JmsConsumer                    - Started durable shared CONSUMER-8 on topic: test-topic2
2012-02-21 08:59:12,829 [Thread-44      ] INFO  JmsConsumer                    - Started durable shared CONSUMER-9 on topic: test-topic2
2012-02-21 08:59:12,835 [Thread-46      ] INFO  JmsProducer                    - Started PRODUCER-0 on topic: test-topic1
2012-02-21 08:59:12,839 [Thread-48      ] INFO  JmsProducer                    - Started PRODUCER-1 on topic: test-topic1
2012-02-21 08:59:12,843 [Thread-50      ] INFO  JmsProducer                    - Started PRODUCER-2 on topic: test-topic1
2012-02-21 08:59:12,847 [Thread-52      ] INFO  JmsProducer                    - Started PRODUCER-3 on topic: test-topic1
2012-02-21 08:59:12,851 [Thread-54      ] INFO  JmsProducer                    - Started PRODUCER-4 on topic: test-topic1
2012-02-21 08:59:12,855 [Thread-56      ] INFO  JmsProducer                    - Started PRODUCER-5 on topic: test-topic1
2012-02-21 08:59:12,867 [Thread-58      ] INFO  JmsProducer                    - Started PRODUCER-6 on topic: test-topic1
2012-02-21 08:59:12,930 [Thread-60      ] INFO  JmsProducer                    - Started PRODUCER-7 on topic: test-topic1
2012-02-21 08:59:12,960 [Thread-62      ] INFO  JmsProducer                    - Started PRODUCER-8 on topic: test-topic1
2012-02-21 08:59:12,976 [Thread-64      ] INFO  JmsProducer                    - Started PRODUCER-9 on topic: test-topic1
2012-02-21 08:59:13,024 [Thread-66      ] INFO  JmsProducer                    - Started PRODUCER-0 on topic: test-topic2
2012-02-21 08:59:13,070 [Thread-68      ] INFO  JmsProducer                    - Started PRODUCER-1 on topic: test-topic2
2012-02-21 08:59:13,146 [Thread-70      ] INFO  JmsProducer                    - Started PRODUCER-2 on topic: test-topic2
2012-02-21 08:59:13,290 [Thread-72      ] INFO  JmsProducer                    - Started PRODUCER-3 on topic: test-topic2
2012-02-21 08:59:13,430 [Thread-74      ] INFO  JmsProducer                    - Started PRODUCER-4 on topic: test-topic2
2012-02-21 08:59:13,525 [Thread-76      ] INFO  JmsProducer                    - Started PRODUCER-5 on topic: test-topic2
2012-02-21 08:59:13,600 [Thread-78      ] INFO  JmsProducer                    - Started PRODUCER-6 on topic: test-topic2
2012-02-21 08:59:13,823 [Thread-80      ] INFO  JmsProducer                    - Started PRODUCER-7 on topic: test-topic2
2012-02-21 08:59:13,891 [Thread-82      ] INFO  JmsProducer                    - Started PRODUCER-8 on topic: test-topic2
stopping all consumers after 0 seconds
2012-02-21 08:59:13,964 [Thread-84      ] INFO  JmsProducer                    - Started PRODUCER-9 on topic: test-topic2
stopped all consumers
stopping producer after 120 seconds
stopping producers...
stopped all producers
produced 5405003 messages in 120 seconds 45041.691666666666 msg/sec
consumed 65078 messages in 0 seconds Infinity msg/sec
[INFO] ------------------------------------------------------------------------
[INFO] BUILD SUCCESS
[INFO] ------------------------------------------------------------------------
[INFO] Total time: 2:05.565s
[INFO] Finished at: Tue Feb 21 09:01:16 EST 2012
[INFO] Final Memory: 14M/305M
[INFO] ------------------------------------------------------------------------
=======================================================================
SCENARIO Drainage STARTING:  Tue Feb 21 09:01:27 EST 2012
=======================================================================
[INFO] Scanning for projects...
[INFO]                                                                         
[INFO] ------------------------------------------------------------------------
[INFO] Building DEV-3824-Testcase 0.0.1-SNAPSHOT
[INFO] ------------------------------------------------------------------------
[INFO] 
[INFO] --- maven-resources-plugin:2.4.3:resources (default-resources) @ DEV-3624 ---
[WARNING] Using platform encoding (UTF-8 actually) to copy filtered resources, i.e. build is platform dependent!
[INFO] Copying 0 resource
[INFO] 
[INFO] --- maven-compiler-plugin:2.3.2:compile (default-compile) @ DEV-3624 ---
[INFO] Nothing to compile - all classes are up to date
[INFO] 
[INFO] --- maven-resources-plugin:2.4.3:testResources (default-testResources) @ DEV-3624 ---
[WARNING] Using platform encoding (UTF-8 actually) to copy filtered resources, i.e. build is platform dependent!
[INFO] Copying 25 resources
[INFO] 
[INFO] --- maven-compiler-plugin:2.3.2:testCompile (default-testCompile) @ DEV-3624 ---
[INFO] Nothing to compile - all classes are up to date
[INFO] 
[INFO] --- maven-surefire-plugin:2.7.2:test (default-test) @ DEV-3624 ---
[INFO] Surefire report directory: /home/chirino/sandbox/DEV-3624/target/surefire-reports

-------------------------------------------------------
 T E S T S
-------------------------------------------------------
Running com.yahoo.activemq.test.ActiveMQJmsTest
Tests run: 0, Failures: 0, Errors: 0, Skipped: 0, Time elapsed: 0.013 sec
Running com.yahoo.activemq.test.ApolloJmsTest
Tests run: 0, Failures: 0, Errors: 0, Skipped: 0, Time elapsed: 0 sec
Running com.yahoo.activemq.test.EmbeddedBrokerStompTest
Tests run: 0, Failures: 0, Errors: 0, Skipped: 0, Time elapsed: 0 sec
There are no tests to run.

Results :

Tests run: 0, Failures: 0, Errors: 0, Skipped: 0

[INFO] 
[INFO] >>> exec-maven-plugin:1.2.1:java (default) @ DEV-3624 >>>
[INFO] 
[INFO] <<< exec-maven-plugin:1.2.1:java (default) @ DEV-3624 <<<
[INFO] 
[INFO] --- exec-maven-plugin:1.2.1:java (default) @ DEV-3624 ---
Running producers for 120 seconds
Running consumers for 120 seconds
2012-02-21 09:01:33,074 [Thread-12      ] INFO  JmsConsumer                    - Started durable shared CONSUMER-3 on topic: test-topic1
2012-02-21 09:01:33,075 [Thread-16      ] INFO  JmsConsumer                    - Started durable shared CONSUMER-5 on topic: test-topic1
2012-02-21 09:01:33,075 [Thread-20      ] INFO  JmsConsumer                    - Started durable shared CONSUMER-7 on topic: test-topic1
2012-02-21 09:01:33,075 [Thread-10      ] INFO  JmsConsumer                    - Started durable shared CONSUMER-2 on topic: test-topic1
2012-02-21 09:01:33,075 [Thread-14      ] INFO  JmsConsumer                    - Started durable shared CONSUMER-4 on topic: test-topic1
2012-02-21 09:01:33,075 [Thread-24      ] INFO  JmsConsumer                    - Started durable shared CONSUMER-9 on topic: test-topic1
2012-02-21 09:01:33,076 [Thread-26      ] INFO  JmsConsumer                    - Started durable shared CONSUMER-0 on topic: test-topic2
2012-02-21 09:01:33,075 [Thread-6       ] INFO  JmsConsumer                    - Started durable shared CONSUMER-0 on topic: test-topic1
2012-02-21 09:01:33,075 [Thread-22      ] INFO  JmsConsumer                    - Started durable shared CONSUMER-8 on topic: test-topic1
2012-02-21 09:01:33,075 [Thread-8       ] INFO  JmsConsumer                    - Started durable shared CONSUMER-1 on topic: test-topic1
2012-02-21 09:01:33,075 [Thread-18      ] INFO  JmsConsumer                    - Started durable shared CONSUMER-6 on topic: test-topic1
2012-02-21 09:01:33,079 [Thread-28      ] INFO  JmsConsumer                    - Started durable shared CONSUMER-1 on topic: test-topic2
2012-02-21 09:01:33,081 [Thread-30      ] INFO  JmsConsumer                    - Started durable shared CONSUMER-2 on topic: test-topic2
2012-02-21 09:01:33,083 [Thread-32      ] INFO  JmsConsumer                    - Started durable shared CONSUMER-3 on topic: test-topic2
2012-02-21 09:01:33,086 [Thread-34      ] INFO  JmsConsumer                    - Started durable shared CONSUMER-4 on topic: test-topic2
2012-02-21 09:01:33,090 [Thread-36      ] INFO  JmsConsumer                    - Started durable shared CONSUMER-5 on topic: test-topic2
2012-02-21 09:01:33,092 [Thread-38      ] INFO  JmsConsumer                    - Started durable shared CONSUMER-6 on topic: test-topic2
2012-02-21 09:01:33,094 [Thread-40      ] INFO  JmsConsumer                    - Started durable shared CONSUMER-7 on topic: test-topic2
2012-02-21 09:01:33,097 [Thread-42      ] INFO  JmsConsumer                    - Started durable shared CONSUMER-8 on topic: test-topic2
2012-02-21 09:01:33,099 [Thread-44      ] INFO  JmsConsumer                    - Started durable shared CONSUMER-9 on topic: test-topic2
2012-02-21 09:01:33,108 [Thread-46      ] INFO  JmsProducer                    - Started PRODUCER-0 on topic: test-topic1
2012-02-21 09:01:33,111 [Thread-48      ] INFO  JmsProducer                    - Started PRODUCER-1 on topic: test-topic1
2012-02-21 09:01:33,114 [Thread-50      ] INFO  JmsProducer                    - Started PRODUCER-2 on topic: test-topic1
2012-02-21 09:01:33,118 [Thread-52      ] INFO  JmsProducer                    - Started PRODUCER-3 on topic: test-topic1
2012-02-21 09:01:33,171 [Thread-54      ] INFO  JmsProducer                    - Started PRODUCER-4 on topic: test-topic1
2012-02-21 09:01:33,187 [Thread-56      ] INFO  JmsProducer                    - Started PRODUCER-5 on topic: test-topic1
2012-02-21 09:01:33,199 [Thread-58      ] INFO  JmsProducer                    - Started PRODUCER-6 on topic: test-topic1
2012-02-21 09:01:33,270 [Thread-60      ] INFO  JmsProducer                    - Started PRODUCER-7 on topic: test-topic1
2012-02-21 09:01:33,271 [Thread-62      ] INFO  JmsProducer                    - Started PRODUCER-8 on topic: test-topic1
2012-02-21 09:01:33,304 [Thread-64      ] INFO  JmsProducer                    - Started PRODUCER-9 on topic: test-topic1
2012-02-21 09:01:33,356 [Thread-66      ] INFO  JmsProducer                    - Started PRODUCER-0 on topic: test-topic2
2012-02-21 09:01:33,401 [Thread-68      ] INFO  JmsProducer                    - Started PRODUCER-1 on topic: test-topic2
2012-02-21 09:01:33,488 [Thread-70      ] INFO  JmsProducer                    - Started PRODUCER-2 on topic: test-topic2
2012-02-21 09:01:33,488 [Thread-72      ] INFO  JmsProducer                    - Started PRODUCER-3 on topic: test-topic2
2012-02-21 09:01:33,538 [Thread-74      ] INFO  JmsProducer                    - Started PRODUCER-4 on topic: test-topic2
2012-02-21 09:01:33,588 [Thread-76      ] INFO  JmsProducer                    - Started PRODUCER-5 on topic: test-topic2
2012-02-21 09:01:33,625 [Thread-78      ] INFO  JmsProducer                    - Started PRODUCER-6 on topic: test-topic2
2012-02-21 09:01:33,664 [Thread-80      ] INFO  JmsProducer                    - Started PRODUCER-7 on topic: test-topic2
2012-02-21 09:01:33,674 [Thread-82      ] INFO  JmsProducer                    - Started PRODUCER-8 on topic: test-topic2
2012-02-21 09:01:33,807 [Thread-84      ] INFO  JmsProducer                    - Started PRODUCER-9 on topic: test-topic2
stopping producer and consumer after 120 seconds
stopping producers...
stopped all producers
stopping all consumers after 120 seconds
stopped all consumers
produced 2136910 messages in 120 seconds 17807.583333333332 msg/sec
consumed 1864987 messages in 120 seconds 15541.558333333332 msg/sec
[INFO] ------------------------------------------------------------------------
[INFO] BUILD SUCCESS
[INFO] ------------------------------------------------------------------------
[INFO] Total time: 2:20.285s
[INFO] Finished at: Tue Feb 21 09:03:49 EST 2012
[INFO] Final Memory: 14M/245M
[INFO] ------------------------------------------------------------------------
=======================================================================
SCENARIO Drainage Only STARTING:  Tue Feb 21 09:03:59 EST 2012
=======================================================================
[INFO] Scanning for projects...
[INFO]                                                                         
[INFO] ------------------------------------------------------------------------
[INFO] Building DEV-3824-Testcase 0.0.1-SNAPSHOT
[INFO] ------------------------------------------------------------------------
[INFO] 
[INFO] --- maven-resources-plugin:2.4.3:resources (default-resources) @ DEV-3624 ---
[WARNING] Using platform encoding (UTF-8 actually) to copy filtered resources, i.e. build is platform dependent!
[INFO] Copying 0 resource
[INFO] 
[INFO] --- maven-compiler-plugin:2.3.2:compile (default-compile) @ DEV-3624 ---
[INFO] Nothing to compile - all classes are up to date
[INFO] 
[INFO] --- maven-resources-plugin:2.4.3:testResources (default-testResources) @ DEV-3624 ---
[WARNING] Using platform encoding (UTF-8 actually) to copy filtered resources, i.e. build is platform dependent!
[INFO] Copying 25 resources
[INFO] 
[INFO] --- maven-compiler-plugin:2.3.2:testCompile (default-testCompile) @ DEV-3624 ---
[INFO] Nothing to compile - all classes are up to date
[INFO] 
[INFO] --- maven-surefire-plugin:2.7.2:test (default-test) @ DEV-3624 ---
[INFO] Surefire report directory: /home/chirino/sandbox/DEV-3624/target/surefire-reports

-------------------------------------------------------
 T E S T S
-------------------------------------------------------
Running com.yahoo.activemq.test.ActiveMQJmsTest
Tests run: 0, Failures: 0, Errors: 0, Skipped: 0, Time elapsed: 0 sec
Running com.yahoo.activemq.test.ApolloJmsTest
Tests run: 0, Failures: 0, Errors: 0, Skipped: 0, Time elapsed: 0 sec
Running com.yahoo.activemq.test.EmbeddedBrokerStompTest
Tests run: 0, Failures: 0, Errors: 0, Skipped: 0, Time elapsed: 0 sec
There are no tests to run.

Results :

Tests run: 0, Failures: 0, Errors: 0, Skipped: 0

[INFO] 
[INFO] >>> exec-maven-plugin:1.2.1:java (default) @ DEV-3624 >>>
[INFO] 
[INFO] <<< exec-maven-plugin:1.2.1:java (default) @ DEV-3624 <<<
[INFO] 
[INFO] --- exec-maven-plugin:1.2.1:java (default) @ DEV-3624 ---
Running producers for 0 seconds
Running consumers for 60 seconds
2012-02-21 09:04:04,368 [Thread-8       ] INFO  JmsConsumer                    - Started durable shared CONSUMER-1 on topic: test-topic1
2012-02-21 09:04:04,369 [Thread-28      ] INFO  JmsConsumer                    - Started durable shared CONSUMER-1 on topic: test-topic2
2012-02-21 09:04:04,369 [Thread-14      ] INFO  JmsConsumer                    - Started durable shared CONSUMER-4 on topic: test-topic1
2012-02-21 09:04:04,369 [Thread-24      ] INFO  JmsConsumer                    - Started durable shared CONSUMER-9 on topic: test-topic1
2012-02-21 09:04:04,368 [Thread-6       ] INFO  JmsConsumer                    - Started durable shared CONSUMER-0 on topic: test-topic1
2012-02-21 09:04:04,369 [Thread-10      ] INFO  JmsConsumer                    - Started durable shared CONSUMER-2 on topic: test-topic1
2012-02-21 09:04:04,368 [Thread-16      ] INFO  JmsConsumer                    - Started durable shared CONSUMER-5 on topic: test-topic1
2012-02-21 09:04:04,368 [Thread-26      ] INFO  JmsConsumer                    - Started durable shared CONSUMER-0 on topic: test-topic2
2012-02-21 09:04:04,368 [Thread-12      ] INFO  JmsConsumer                    - Started durable shared CONSUMER-3 on topic: test-topic1
2012-02-21 09:04:04,368 [Thread-22      ] INFO  JmsConsumer                    - Started durable shared CONSUMER-8 on topic: test-topic1
2012-02-21 09:04:04,368 [Thread-18      ] INFO  JmsConsumer                    - Started durable shared CONSUMER-6 on topic: test-topic1
2012-02-21 09:04:04,368 [Thread-20      ] INFO  JmsConsumer                    - Started durable shared CONSUMER-7 on topic: test-topic1
2012-02-21 09:04:04,410 [Thread-30      ] INFO  JmsConsumer                    - Started durable shared CONSUMER-2 on topic: test-topic2
2012-02-21 09:04:04,438 [Thread-32      ] INFO  JmsConsumer                    - Started durable shared CONSUMER-3 on topic: test-topic2
2012-02-21 09:04:04,480 [Thread-34      ] INFO  JmsConsumer                    - Started durable shared CONSUMER-4 on topic: test-topic2
2012-02-21 09:04:05,099 [Thread-36      ] INFO  JmsConsumer                    - Started durable shared CONSUMER-5 on topic: test-topic2
2012-02-21 09:04:05,639 [Thread-38      ] INFO  JmsConsumer                    - Started durable shared CONSUMER-6 on topic: test-topic2
2012-02-21 09:04:05,650 [Thread-40      ] INFO  JmsConsumer                    - Started durable shared CONSUMER-7 on topic: test-topic2
2012-02-21 09:04:05,658 [Thread-42      ] INFO  JmsConsumer                    - Started durable shared CONSUMER-8 on topic: test-topic2
2012-02-21 09:04:05,673 [Thread-44      ] INFO  JmsConsumer                    - Started durable shared CONSUMER-9 on topic: test-topic2
2012-02-21 09:04:05,692 [Thread-46      ] INFO  JmsProducer                    - Started PRODUCER-0 on topic: test-topic1
2012-02-21 09:04:05,699 [Thread-48      ] INFO  JmsProducer                    - Started PRODUCER-1 on topic: test-topic1
2012-02-21 09:04:06,009 [Thread-50      ] INFO  JmsProducer                    - Started PRODUCER-2 on topic: test-topic1
2012-02-21 09:04:06,568 [Thread-52      ] INFO  JmsProducer                    - Started PRODUCER-3 on topic: test-topic1
2012-02-21 09:04:06,576 [Thread-54      ] INFO  JmsProducer                    - Started PRODUCER-4 on topic: test-topic1
2012-02-21 09:04:06,643 [Thread-56      ] INFO  JmsProducer                    - Started PRODUCER-5 on topic: test-topic1
2012-02-21 09:04:06,688 [Thread-58      ] INFO  JmsProducer                    - Started PRODUCER-6 on topic: test-topic1
2012-02-21 09:04:07,624 [Thread-60      ] INFO  JmsProducer                    - Started PRODUCER-7 on topic: test-topic1
2012-02-21 09:04:07,666 [Thread-62      ] INFO  JmsProducer                    - Started PRODUCER-8 on topic: test-topic1
2012-02-21 09:04:07,709 [Thread-64      ] INFO  JmsProducer                    - Started PRODUCER-9 on topic: test-topic1
2012-02-21 09:04:08,191 [Thread-66      ] INFO  JmsProducer                    - Started PRODUCER-0 on topic: test-topic2
2012-02-21 09:04:08,221 [Thread-68      ] INFO  JmsProducer                    - Started PRODUCER-1 on topic: test-topic2
2012-02-21 09:04:08,556 [Thread-70      ] INFO  JmsProducer                    - Started PRODUCER-2 on topic: test-topic2
2012-02-21 09:04:08,718 [Thread-72      ] INFO  JmsProducer                    - Started PRODUCER-3 on topic: test-topic2
2012-02-21 09:04:08,741 [Thread-74      ] INFO  JmsProducer                    - Started PRODUCER-4 on topic: test-topic2
2012-02-21 09:04:09,301 [Thread-76      ] INFO  JmsProducer                    - Started PRODUCER-5 on topic: test-topic2
2012-02-21 09:04:09,480 [Thread-78      ] INFO  JmsProducer                    - Started PRODUCER-6 on topic: test-topic2
2012-02-21 09:04:09,492 [Thread-80      ] INFO  JmsProducer                    - Started PRODUCER-7 on topic: test-topic2
2012-02-21 09:04:09,513 [Thread-82      ] INFO  JmsProducer                    - Started PRODUCER-8 on topic: test-topic2
stopping all producers after 0 seconds
2012-02-21 09:04:09,522 [Thread-84      ] INFO  JmsProducer                    - Started PRODUCER-9 on topic: test-topic2
stopped all producers
stopping all consumers after 60 seconds
stopped all consumers
produced 94279 messages in 0 seconds Infinity msg/sec
consumed 1630164 messages in 60 seconds 27169.4 msg/sec
[INFO] ------------------------------------------------------------------------
[INFO] BUILD SUCCESS
[INFO] ------------------------------------------------------------------------
[INFO] Total time: 1:20.846s
[INFO] Finished at: Tue Feb 21 09:05:21 EST 2012
[INFO] Final Memory: 12M/163M
[INFO] ------------------------------------------------------------------------
=======================================================================
SCENARIO Drainage Only STARTING:  Tue Feb 21 09:05:31 EST 2012
=======================================================================
[INFO] Scanning for projects...
[INFO]                                                                         
[INFO] ------------------------------------------------------------------------
[INFO] Building DEV-3824-Testcase 0.0.1-SNAPSHOT
[INFO] ------------------------------------------------------------------------
[INFO] 
[INFO] --- maven-resources-plugin:2.4.3:resources (default-resources) @ DEV-3624 ---
[WARNING] Using platform encoding (UTF-8 actually) to copy filtered resources, i.e. build is platform dependent!
[INFO] Copying 0 resource
[INFO] 
[INFO] --- maven-compiler-plugin:2.3.2:compile (default-compile) @ DEV-3624 ---
[INFO] Nothing to compile - all classes are up to date
[INFO] 
[INFO] --- maven-resources-plugin:2.4.3:testResources (default-testResources) @ DEV-3624 ---
[WARNING] Using platform encoding (UTF-8 actually) to copy filtered resources, i.e. build is platform dependent!
[INFO] Copying 25 resources
[INFO] 
[INFO] --- maven-compiler-plugin:2.3.2:testCompile (default-testCompile) @ DEV-3624 ---
[INFO] Nothing to compile - all classes are up to date
[INFO] 
[INFO] --- maven-surefire-plugin:2.7.2:test (default-test) @ DEV-3624 ---
[INFO] Surefire report directory: /home/chirino/sandbox/DEV-3624/target/surefire-reports

-------------------------------------------------------
 T E S T S
-------------------------------------------------------
Running com.yahoo.activemq.test.ActiveMQJmsTest
Tests run: 0, Failures: 0, Errors: 0, Skipped: 0, Time elapsed: 0 sec
Running com.yahoo.activemq.test.ApolloJmsTest
Tests run: 0, Failures: 0, Errors: 0, Skipped: 0, Time elapsed: 0 sec
Running com.yahoo.activemq.test.EmbeddedBrokerStompTest
Tests run: 0, Failures: 0, Errors: 0, Skipped: 0, Time elapsed: 0 sec
There are no tests to run.

Results :

Tests run: 0, Failures: 0, Errors: 0, Skipped: 0

[INFO] 
[INFO] >>> exec-maven-plugin:1.2.1:java (default) @ DEV-3624 >>>
[INFO] 
[INFO] <<< exec-maven-plugin:1.2.1:java (default) @ DEV-3624 <<<
[INFO] 
[INFO] --- exec-maven-plugin:1.2.1:java (default) @ DEV-3624 ---
Running producers for 0 seconds
Running consumers for 60 seconds
2012-02-21 09:05:33,875 [Thread-22      ] INFO  JmsConsumer                    - Started durable shared CONSUMER-8 on topic: test-topic1
2012-02-21 09:05:33,875 [Thread-14      ] INFO  JmsConsumer                    - Started durable shared CONSUMER-4 on topic: test-topic1
2012-02-21 09:05:33,875 [Thread-16      ] INFO  JmsConsumer                    - Started durable shared CONSUMER-5 on topic: test-topic1
2012-02-21 09:05:33,875 [Thread-10      ] INFO  JmsConsumer                    - Started durable shared CONSUMER-2 on topic: test-topic1
2012-02-21 09:05:33,875 [Thread-20      ] INFO  JmsConsumer                    - Started durable shared CONSUMER-7 on topic: test-topic1
2012-02-21 09:05:33,875 [Thread-6       ] INFO  JmsConsumer                    - Started durable shared CONSUMER-0 on topic: test-topic1
2012-02-21 09:05:33,875 [Thread-24      ] INFO  JmsConsumer                    - Started durable shared CONSUMER-9 on topic: test-topic1
2012-02-21 09:05:33,875 [Thread-18      ] INFO  JmsConsumer                    - Started durable shared CONSUMER-6 on topic: test-topic1
2012-02-21 09:05:33,875 [Thread-12      ] INFO  JmsConsumer                    - Started durable shared CONSUMER-3 on topic: test-topic1
2012-02-21 09:05:33,875 [Thread-8       ] INFO  JmsConsumer                    - Started durable shared CONSUMER-1 on topic: test-topic1
2012-02-21 09:05:33,876 [Thread-26      ] INFO  JmsConsumer                    - Started durable shared CONSUMER-0 on topic: test-topic2
2012-02-21 09:05:33,878 [Thread-28      ] INFO  JmsConsumer                    - Started durable shared CONSUMER-1 on topic: test-topic2
2012-02-21 09:05:33,880 [Thread-30      ] INFO  JmsConsumer                    - Started durable shared CONSUMER-2 on topic: test-topic2
2012-02-21 09:05:33,882 [Thread-32      ] INFO  JmsConsumer                    - Started durable shared CONSUMER-3 on topic: test-topic2
2012-02-21 09:05:33,884 [Thread-34      ] INFO  JmsConsumer                    - Started durable shared CONSUMER-4 on topic: test-topic2
2012-02-21 09:05:33,887 [Thread-36      ] INFO  JmsConsumer                    - Started durable shared CONSUMER-5 on topic: test-topic2
2012-02-21 09:05:33,890 [Thread-38      ] INFO  JmsConsumer                    - Started durable shared CONSUMER-6 on topic: test-topic2
2012-02-21 09:05:33,892 [Thread-40      ] INFO  JmsConsumer                    - Started durable shared CONSUMER-7 on topic: test-topic2
2012-02-21 09:05:33,895 [Thread-42      ] INFO  JmsConsumer                    - Started durable shared CONSUMER-8 on topic: test-topic2
2012-02-21 09:05:33,898 [Thread-44      ] INFO  JmsConsumer                    - Started durable shared CONSUMER-9 on topic: test-topic2
2012-02-21 09:05:33,903 [Thread-46      ] INFO  JmsProducer                    - Started PRODUCER-0 on topic: test-topic1
2012-02-21 09:05:33,907 [Thread-48      ] INFO  JmsProducer                    - Started PRODUCER-1 on topic: test-topic1
2012-02-21 09:05:33,910 [Thread-50      ] INFO  JmsProducer                    - Started PRODUCER-2 on topic: test-topic1
2012-02-21 09:05:33,918 [Thread-52      ] INFO  JmsProducer                    - Started PRODUCER-3 on topic: test-topic1
2012-02-21 09:05:33,933 [Thread-54      ] INFO  JmsProducer                    - Started PRODUCER-4 on topic: test-topic1
2012-02-21 09:05:34,054 [Thread-56      ] INFO  JmsProducer                    - Started PRODUCER-5 on topic: test-topic1
2012-02-21 09:05:34,163 [Thread-58      ] INFO  JmsProducer                    - Started PRODUCER-6 on topic: test-topic1
2012-02-21 09:05:35,024 [Thread-60      ] INFO  JmsProducer                    - Started PRODUCER-7 on topic: test-topic1
2012-02-21 09:05:35,170 [Thread-62      ] INFO  JmsProducer                    - Started PRODUCER-8 on topic: test-topic1
2012-02-21 09:05:35,761 [Thread-64      ] INFO  JmsProducer                    - Started PRODUCER-9 on topic: test-topic1
2012-02-21 09:05:35,771 [Thread-66      ] INFO  JmsProducer                    - Started PRODUCER-0 on topic: test-topic2
2012-02-21 09:05:35,778 [Thread-68      ] INFO  JmsProducer                    - Started PRODUCER-1 on topic: test-topic2
2012-02-21 09:05:36,243 [Thread-70      ] INFO  JmsProducer                    - Started PRODUCER-2 on topic: test-topic2
2012-02-21 09:05:36,424 [Thread-72      ] INFO  JmsProducer                    - Started PRODUCER-3 on topic: test-topic2
2012-02-21 09:05:36,429 [Thread-74      ] INFO  JmsProducer                    - Started PRODUCER-4 on topic: test-topic2
2012-02-21 09:05:37,056 [Thread-76      ] INFO  JmsProducer                    - Started PRODUCER-5 on topic: test-topic2
2012-02-21 09:05:37,140 [Thread-78      ] INFO  JmsProducer                    - Started PRODUCER-6 on topic: test-topic2
2012-02-21 09:05:37,157 [Thread-80      ] INFO  JmsProducer                    - Started PRODUCER-7 on topic: test-topic2
2012-02-21 09:05:37,165 [Thread-82      ] INFO  JmsProducer                    - Started PRODUCER-8 on topic: test-topic2
stopping all producers after 0 seconds
2012-02-21 09:05:37,789 [Thread-84      ] INFO  JmsProducer                    - Started PRODUCER-9 on topic: test-topic2
stopped all producers
stopping all consumers after 60 seconds
stopped all consumers
produced 121160 messages in 0 seconds Infinity msg/sec
consumed 1575423 messages in 60 seconds 26257.05 msg/sec
[INFO] ------------------------------------------------------------------------
[INFO] BUILD SUCCESS
[INFO] ------------------------------------------------------------------------
[INFO] Total time: 1:15.614s
[INFO] Finished at: Tue Feb 21 09:06:48 EST 2012
[INFO] Final Memory: 13M/207M
[INFO] ------------------------------------------------------------------------
=======================================================================
SCENARIO Drainage Only STARTING:  Tue Feb 21 09:06:58 EST 2012
=======================================================================
[INFO] Scanning for projects...
[INFO]                                                                         
[INFO] ------------------------------------------------------------------------
[INFO] Building DEV-3824-Testcase 0.0.1-SNAPSHOT
[INFO] ------------------------------------------------------------------------
[INFO] 
[INFO] --- maven-resources-plugin:2.4.3:resources (default-resources) @ DEV-3624 ---
[WARNING] Using platform encoding (UTF-8 actually) to copy filtered resources, i.e. build is platform dependent!
[INFO] Copying 0 resource
[INFO] 
[INFO] --- maven-compiler-plugin:2.3.2:compile (default-compile) @ DEV-3624 ---
[INFO] Nothing to compile - all classes are up to date
[INFO] 
[INFO] --- maven-resources-plugin:2.4.3:testResources (default-testResources) @ DEV-3624 ---
[WARNING] Using platform encoding (UTF-8 actually) to copy filtered resources, i.e. build is platform dependent!
[INFO] Copying 25 resources
[INFO] 
[INFO] --- maven-compiler-plugin:2.3.2:testCompile (default-testCompile) @ DEV-3624 ---
[INFO] Nothing to compile - all classes are up to date
[INFO] 
[INFO] --- maven-surefire-plugin:2.7.2:test (default-test) @ DEV-3624 ---
[INFO] Surefire report directory: /home/chirino/sandbox/DEV-3624/target/surefire-reports

-------------------------------------------------------
 T E S T S
-------------------------------------------------------
Running com.yahoo.activemq.test.ActiveMQJmsTest
Tests run: 0, Failures: 0, Errors: 0, Skipped: 0, Time elapsed: 0.001 sec
Running com.yahoo.activemq.test.ApolloJmsTest
Tests run: 0, Failures: 0, Errors: 0, Skipped: 0, Time elapsed: 0 sec
Running com.yahoo.activemq.test.EmbeddedBrokerStompTest
Tests run: 0, Failures: 0, Errors: 0, Skipped: 0, Time elapsed: 0.001 sec
There are no tests to run.

Results :

Tests run: 0, Failures: 0, Errors: 0, Skipped: 0

[INFO] 
[INFO] >>> exec-maven-plugin:1.2.1:java (default) @ DEV-3624 >>>
[INFO] 
[INFO] <<< exec-maven-plugin:1.2.1:java (default) @ DEV-3624 <<<
[INFO] 
[INFO] --- exec-maven-plugin:1.2.1:java (default) @ DEV-3624 ---
Running producers for 0 seconds
Running consumers for 60 seconds
2012-02-21 09:07:00,507 [Thread-22      ] INFO  JmsConsumer                    - Started durable shared CONSUMER-8 on topic: test-topic1
2012-02-21 09:07:00,507 [Thread-24      ] INFO  JmsConsumer                    - Started durable shared CONSUMER-9 on topic: test-topic1
2012-02-21 09:07:00,507 [Thread-6       ] INFO  JmsConsumer                    - Started durable shared CONSUMER-0 on topic: test-topic1
2012-02-21 09:07:00,507 [Thread-10      ] INFO  JmsConsumer                    - Started durable shared CONSUMER-2 on topic: test-topic1
2012-02-21 09:07:00,507 [Thread-14      ] INFO  JmsConsumer                    - Started durable shared CONSUMER-4 on topic: test-topic1
2012-02-21 09:07:00,507 [Thread-18      ] INFO  JmsConsumer                    - Started durable shared CONSUMER-6 on topic: test-topic1
2012-02-21 09:07:00,507 [Thread-20      ] INFO  JmsConsumer                    - Started durable shared CONSUMER-7 on topic: test-topic1
2012-02-21 09:07:00,507 [Thread-8       ] INFO  JmsConsumer                    - Started durable shared CONSUMER-1 on topic: test-topic1
2012-02-21 09:07:00,507 [Thread-16      ] INFO  JmsConsumer                    - Started durable shared CONSUMER-5 on topic: test-topic1
2012-02-21 09:07:00,507 [Thread-12      ] INFO  JmsConsumer                    - Started durable shared CONSUMER-3 on topic: test-topic1
2012-02-21 09:07:00,511 [Thread-26      ] INFO  JmsConsumer                    - Started durable shared CONSUMER-0 on topic: test-topic2
2012-02-21 09:07:00,514 [Thread-28      ] INFO  JmsConsumer                    - Started durable shared CONSUMER-1 on topic: test-topic2
2012-02-21 09:07:00,516 [Thread-30      ] INFO  JmsConsumer                    - Started durable shared CONSUMER-2 on topic: test-topic2
2012-02-21 09:07:00,520 [Thread-32      ] INFO  JmsConsumer                    - Started durable shared CONSUMER-3 on topic: test-topic2
2012-02-21 09:07:00,522 [Thread-34      ] INFO  JmsConsumer                    - Started durable shared CONSUMER-4 on topic: test-topic2
2012-02-21 09:07:00,527 [Thread-36      ] INFO  JmsConsumer                    - Started durable shared CONSUMER-5 on topic: test-topic2
2012-02-21 09:07:00,568 [Thread-38      ] INFO  JmsConsumer                    - Started durable shared CONSUMER-6 on topic: test-topic2
2012-02-21 09:07:00,574 [Thread-40      ] INFO  JmsConsumer                    - Started durable shared CONSUMER-7 on topic: test-topic2
2012-02-21 09:07:00,580 [Thread-42      ] INFO  JmsConsumer                    - Started durable shared CONSUMER-8 on topic: test-topic2
2012-02-21 09:07:00,585 [Thread-44      ] INFO  JmsConsumer                    - Started durable shared CONSUMER-9 on topic: test-topic2
2012-02-21 09:07:00,591 [Thread-46      ] INFO  JmsProducer                    - Started PRODUCER-0 on topic: test-topic1
2012-02-21 09:07:00,594 [Thread-48      ] INFO  JmsProducer                    - Started PRODUCER-1 on topic: test-topic1
2012-02-21 09:07:00,839 [Thread-50      ] INFO  JmsProducer                    - Started PRODUCER-2 on topic: test-topic1
2012-02-21 09:07:01,533 [Thread-52      ] INFO  JmsProducer                    - Started PRODUCER-3 on topic: test-topic1
2012-02-21 09:07:02,380 [Thread-54      ] INFO  JmsProducer                    - Started PRODUCER-4 on topic: test-topic1
2012-02-21 09:07:02,402 [Thread-56      ] INFO  JmsProducer                    - Started PRODUCER-5 on topic: test-topic1
2012-02-21 09:07:02,433 [Thread-58      ] INFO  JmsProducer                    - Started PRODUCER-6 on topic: test-topic1
2012-02-21 09:07:02,445 [Thread-60      ] INFO  JmsProducer                    - Started PRODUCER-7 on topic: test-topic1
2012-02-21 09:07:02,454 [Thread-62      ] INFO  JmsProducer                    - Started PRODUCER-8 on topic: test-topic1
2012-02-21 09:07:02,459 [Thread-64      ] INFO  JmsProducer                    - Started PRODUCER-9 on topic: test-topic1
2012-02-21 09:07:02,719 [Thread-66      ] INFO  JmsProducer                    - Started PRODUCER-0 on topic: test-topic2
2012-02-21 09:07:02,901 [Thread-68      ] INFO  JmsProducer                    - Started PRODUCER-1 on topic: test-topic2
2012-02-21 09:07:03,034 [Thread-70      ] INFO  JmsProducer                    - Started PRODUCER-2 on topic: test-topic2
2012-02-21 09:07:03,040 [Thread-72      ] INFO  JmsProducer                    - Started PRODUCER-3 on topic: test-topic2
2012-02-21 09:07:03,160 [Thread-74      ] INFO  JmsProducer                    - Started PRODUCER-4 on topic: test-topic2
2012-02-21 09:07:04,497 [Thread-76      ] INFO  JmsProducer                    - Started PRODUCER-5 on topic: test-topic2
2012-02-21 09:07:05,137 [Thread-78      ] INFO  JmsProducer                    - Started PRODUCER-6 on topic: test-topic2
2012-02-21 09:07:05,169 [Thread-80      ] INFO  JmsProducer                    - Started PRODUCER-7 on topic: test-topic2
2012-02-21 09:07:05,180 [Thread-82      ] INFO  JmsProducer                    - Started PRODUCER-8 on topic: test-topic2
stopping all producers after 0 seconds
2012-02-21 09:07:05,220 [Thread-84      ] INFO  JmsProducer                    - Started PRODUCER-9 on topic: test-topic2
stopped all producers
stopping all consumers after 60 seconds
stopped all consumers
produced 119236 messages in 0 seconds Infinity msg/sec
consumed 1601252 messages in 60 seconds 26687.533333333333 msg/sec
[INFO] ------------------------------------------------------------------------
[INFO] BUILD SUCCESS
[INFO] ------------------------------------------------------------------------
[INFO] Total time: 1:16.776s
[INFO] Finished at: Tue Feb 21 09:08:15 EST 2012
[INFO] Final Memory: 13M/277M
[INFO] ------------------------------------------------------------------------
=======================================================================
SCENARIO Drainage Only STARTING:  Tue Feb 21 09:08:26 EST 2012
=======================================================================
[INFO] Scanning for projects...
[INFO]                                                                         
[INFO] ------------------------------------------------------------------------
[INFO] Building DEV-3824-Testcase 0.0.1-SNAPSHOT
[INFO] ------------------------------------------------------------------------
[INFO] 
[INFO] --- maven-resources-plugin:2.4.3:resources (default-resources) @ DEV-3624 ---
[WARNING] Using platform encoding (UTF-8 actually) to copy filtered resources, i.e. build is platform dependent!
[INFO] Copying 0 resource
[INFO] 
[INFO] --- maven-compiler-plugin:2.3.2:compile (default-compile) @ DEV-3624 ---
[INFO] Nothing to compile - all classes are up to date
[INFO] 
[INFO] --- maven-resources-plugin:2.4.3:testResources (default-testResources) @ DEV-3624 ---
[WARNING] Using platform encoding (UTF-8 actually) to copy filtered resources, i.e. build is platform dependent!
[INFO] Copying 25 resources
[INFO] 
[INFO] --- maven-compiler-plugin:2.3.2:testCompile (default-testCompile) @ DEV-3624 ---
[INFO] Nothing to compile - all classes are up to date
[INFO] 
[INFO] --- maven-surefire-plugin:2.7.2:test (default-test) @ DEV-3624 ---
[INFO] Surefire report directory: /home/chirino/sandbox/DEV-3624/target/surefire-reports

-------------------------------------------------------
 T E S T S
-------------------------------------------------------
Running com.yahoo.activemq.test.ActiveMQJmsTest
Tests run: 0, Failures: 0, Errors: 0, Skipped: 0, Time elapsed: 0.001 sec
Running com.yahoo.activemq.test.ApolloJmsTest
Tests run: 0, Failures: 0, Errors: 0, Skipped: 0, Time elapsed: 0 sec
Running com.yahoo.activemq.test.EmbeddedBrokerStompTest
Tests run: 0, Failures: 0, Errors: 0, Skipped: 0, Time elapsed: 0 sec
There are no tests to run.

Results :

Tests run: 0, Failures: 0, Errors: 0, Skipped: 0

[INFO] 
[INFO] >>> exec-maven-plugin:1.2.1:java (default) @ DEV-3624 >>>
[INFO] 
[INFO] <<< exec-maven-plugin:1.2.1:java (default) @ DEV-3624 <<<
[INFO] 
[INFO] --- exec-maven-plugin:1.2.1:java (default) @ DEV-3624 ---
Running producers for 0 seconds
Running consumers for 60 seconds
2012-02-21 09:08:31,119 [Thread-26      ] INFO  JmsConsumer                    - Started durable shared CONSUMER-0 on topic: test-topic2
2012-02-21 09:08:31,119 [Thread-20      ] INFO  JmsConsumer                    - Started durable shared CONSUMER-7 on topic: test-topic1
2012-02-21 09:08:31,119 [Thread-30      ] INFO  JmsConsumer                    - Started durable shared CONSUMER-2 on topic: test-topic2
2012-02-21 09:08:31,119 [Thread-12      ] INFO  JmsConsumer                    - Started durable shared CONSUMER-3 on topic: test-topic1
2012-02-21 09:08:31,120 [Thread-6       ] INFO  JmsConsumer                    - Started durable shared CONSUMER-0 on topic: test-topic1
2012-02-21 09:08:31,120 [Thread-32      ] INFO  JmsConsumer                    - Started durable shared CONSUMER-3 on topic: test-topic2
2012-02-21 09:08:31,119 [Thread-16      ] INFO  JmsConsumer                    - Started durable shared CONSUMER-5 on topic: test-topic1
2012-02-21 09:08:31,119 [Thread-8       ] INFO  JmsConsumer                    - Started durable shared CONSUMER-1 on topic: test-topic1
2012-02-21 09:08:31,119 [Thread-14      ] INFO  JmsConsumer                    - Started durable shared CONSUMER-4 on topic: test-topic1
2012-02-21 09:08:31,119 [Thread-10      ] INFO  JmsConsumer                    - Started durable shared CONSUMER-2 on topic: test-topic1
2012-02-21 09:08:31,119 [Thread-24      ] INFO  JmsConsumer                    - Started durable shared CONSUMER-9 on topic: test-topic1
2012-02-21 09:08:31,119 [Thread-22      ] INFO  JmsConsumer                    - Started durable shared CONSUMER-8 on topic: test-topic1
2012-02-21 09:08:31,119 [Thread-18      ] INFO  JmsConsumer                    - Started durable shared CONSUMER-6 on topic: test-topic1
2012-02-21 09:08:31,119 [Thread-28      ] INFO  JmsConsumer                    - Started durable shared CONSUMER-1 on topic: test-topic2
2012-02-21 09:08:31,123 [Thread-34      ] INFO  JmsConsumer                    - Started durable shared CONSUMER-4 on topic: test-topic2
2012-02-21 09:08:31,130 [Thread-36      ] INFO  JmsConsumer                    - Started durable shared CONSUMER-5 on topic: test-topic2
2012-02-21 09:08:31,134 [Thread-38      ] INFO  JmsConsumer                    - Started durable shared CONSUMER-6 on topic: test-topic2
2012-02-21 09:08:31,139 [Thread-40      ] INFO  JmsConsumer                    - Started durable shared CONSUMER-7 on topic: test-topic2
2012-02-21 09:08:31,143 [Thread-42      ] INFO  JmsConsumer                    - Started durable shared CONSUMER-8 on topic: test-topic2
2012-02-21 09:08:31,148 [Thread-44      ] INFO  JmsConsumer                    - Started durable shared CONSUMER-9 on topic: test-topic2
2012-02-21 09:08:31,214 [Thread-46      ] INFO  JmsProducer                    - Started PRODUCER-0 on topic: test-topic1
2012-02-21 09:08:31,252 [Thread-48      ] INFO  JmsProducer                    - Started PRODUCER-1 on topic: test-topic1
2012-02-21 09:08:31,322 [Thread-50      ] INFO  JmsProducer                    - Started PRODUCER-2 on topic: test-topic1
2012-02-21 09:08:31,402 [Thread-52      ] INFO  JmsProducer                    - Started PRODUCER-3 on topic: test-topic1
2012-02-21 09:08:31,624 [Thread-54      ] INFO  JmsProducer                    - Started PRODUCER-4 on topic: test-topic1
2012-02-21 09:08:31,634 [Thread-56      ] INFO  JmsProducer                    - Started PRODUCER-5 on topic: test-topic1
2012-02-21 09:08:32,646 [Thread-58      ] INFO  JmsProducer                    - Started PRODUCER-6 on topic: test-topic1
2012-02-21 09:08:32,670 [Thread-60      ] INFO  JmsProducer                    - Started PRODUCER-7 on topic: test-topic1
2012-02-21 09:08:33,001 [Thread-64      ] INFO  JmsProducer                    - Started PRODUCER-9 on topic: test-topic1
2012-02-21 09:08:33,001 [Thread-62      ] INFO  JmsProducer                    - Started PRODUCER-8 on topic: test-topic1
2012-02-21 09:08:33,005 [Thread-66      ] INFO  JmsProducer                    - Started PRODUCER-0 on topic: test-topic2
2012-02-21 09:08:33,016 [Thread-68      ] INFO  JmsProducer                    - Started PRODUCER-1 on topic: test-topic2
2012-02-21 09:08:33,057 [Thread-70      ] INFO  JmsProducer                    - Started PRODUCER-2 on topic: test-topic2
2012-02-21 09:08:33,496 [Thread-72      ] INFO  JmsProducer                    - Started PRODUCER-3 on topic: test-topic2
2012-02-21 09:08:33,525 [Thread-74      ] INFO  JmsProducer                    - Started PRODUCER-4 on topic: test-topic2
2012-02-21 09:08:33,980 [Thread-76      ] INFO  JmsProducer                    - Started PRODUCER-5 on topic: test-topic2
2012-02-21 09:08:35,593 [Thread-78      ] INFO  JmsProducer                    - Started PRODUCER-6 on topic: test-topic2
2012-02-21 09:08:35,749 [Thread-80      ] INFO  JmsProducer                    - Started PRODUCER-7 on topic: test-topic2
2012-02-21 09:08:35,793 [Thread-82      ] INFO  JmsProducer                    - Started PRODUCER-8 on topic: test-topic2
stopping all producers after 0 seconds
2012-02-21 09:08:35,955 [Thread-84      ] INFO  JmsProducer                    - Started PRODUCER-9 on topic: test-topic2
stopped all producers
stopping all consumers after 60 seconds
stopped all consumers
produced 171782 messages in 0 seconds Infinity msg/sec
consumed 1263264 messages in 60 seconds 21054.4 msg/sec
[INFO] ------------------------------------------------------------------------
[INFO] BUILD SUCCESS
[INFO] ------------------------------------------------------------------------
[INFO] Total time: 1:31.007s
[INFO] Finished at: Tue Feb 21 09:09:58 EST 2012
[INFO] Final Memory: 12M/188M
[INFO] ------------------------------------------------------------------------
=======================================================================
SCENARIO Backlog STARTING:  Tue Feb 21 09:19:11 EST 2012
=======================================================================
[INFO] Scanning for projects...
[INFO]                                                                         
[INFO] ------------------------------------------------------------------------
[INFO] Building DEV-3824-Testcase 0.0.1-SNAPSHOT
[INFO] ------------------------------------------------------------------------
[INFO] 
[INFO] --- maven-resources-plugin:2.4.3:resources (default-resources) @ DEV-3624 ---
[WARNING] Using platform encoding (UTF-8 actually) to copy filtered resources, i.e. build is platform dependent!
[INFO] Copying 0 resource
[INFO] 
[INFO] --- maven-compiler-plugin:2.3.2:compile (default-compile) @ DEV-3624 ---
[INFO] Nothing to compile - all classes are up to date
[INFO] 
[INFO] --- maven-resources-plugin:2.4.3:testResources (default-testResources) @ DEV-3624 ---
[WARNING] Using platform encoding (UTF-8 actually) to copy filtered resources, i.e. build is platform dependent!
[INFO] Copying 25 resources
[INFO] 
[INFO] --- maven-compiler-plugin:2.3.2:testCompile (default-testCompile) @ DEV-3624 ---
[INFO] Nothing to compile - all classes are up to date
[INFO] 
[INFO] --- maven-surefire-plugin:2.7.2:test (default-test) @ DEV-3624 ---
[INFO] Surefire report directory: /home/chirino/sandbox/DEV-3624/target/surefire-reports

-------------------------------------------------------
 T E S T S
-------------------------------------------------------
Running com.yahoo.activemq.test.ActiveMQJmsTest
Tests run: 0, Failures: 0, Errors: 0, Skipped: 0, Time elapsed: 0 sec
Running com.yahoo.activemq.test.ApolloJmsTest
Tests run: 0, Failures: 0, Errors: 0, Skipped: 0, Time elapsed: 0 sec
Running com.yahoo.activemq.test.EmbeddedBrokerStompTest
Tests run: 0, Failures: 0, Errors: 0, Skipped: 0, Time elapsed: 0 sec
There are no tests to run.

Results :

Tests run: 0, Failures: 0, Errors: 0, Skipped: 0

[INFO] 
[INFO] >>> exec-maven-plugin:1.2.1:java (default) @ DEV-3624 >>>
[INFO] 
[INFO] <<< exec-maven-plugin:1.2.1:java (default) @ DEV-3624 <<<
[INFO] 
[INFO] --- exec-maven-plugin:1.2.1:java (default) @ DEV-3624 ---
Running producers for 60 seconds
Running consumers for 0 seconds
2012-02-21 09:19:19,310 [Thread-10      ] INFO  JmsConsumer                    - Started durable shared CONSUMER-2 on topic: test-topic1
2012-02-21 09:19:19,310 [Thread-6       ] INFO  JmsConsumer                    - Started durable shared CONSUMER-0 on topic: test-topic1
2012-02-21 09:19:19,310 [Thread-12      ] INFO  JmsConsumer                    - Started durable shared CONSUMER-3 on topic: test-topic1
2012-02-21 09:19:19,310 [Thread-8       ] INFO  JmsConsumer                    - Started durable shared CONSUMER-1 on topic: test-topic1
2012-02-21 09:19:19,321 [Thread-14      ] INFO  JmsConsumer                    - Started durable shared CONSUMER-4 on topic: test-topic1
2012-02-21 09:19:19,326 [Thread-16      ] INFO  JmsConsumer                    - Started durable shared CONSUMER-5 on topic: test-topic1
2012-02-21 09:19:19,335 [Thread-18      ] INFO  JmsConsumer                    - Started durable shared CONSUMER-6 on topic: test-topic1
2012-02-21 09:19:19,338 [Thread-20      ] INFO  JmsConsumer                    - Started durable shared CONSUMER-7 on topic: test-topic1
2012-02-21 09:19:19,341 [Thread-22      ] INFO  JmsConsumer                    - Started durable shared CONSUMER-8 on topic: test-topic1
2012-02-21 09:19:19,343 [Thread-24      ] INFO  JmsConsumer                    - Started durable shared CONSUMER-9 on topic: test-topic1
2012-02-21 09:19:19,345 [Thread-26      ] INFO  JmsConsumer                    - Started durable shared CONSUMER-0 on topic: test-topic2
2012-02-21 09:19:19,349 [Thread-28      ] INFO  JmsConsumer                    - Started durable shared CONSUMER-1 on topic: test-topic2
2012-02-21 09:19:19,352 [Thread-30      ] INFO  JmsConsumer                    - Started durable shared CONSUMER-2 on topic: test-topic2
2012-02-21 09:19:19,356 [Thread-32      ] INFO  JmsConsumer                    - Started durable shared CONSUMER-3 on topic: test-topic2
2012-02-21 09:19:19,359 [Thread-34      ] INFO  JmsConsumer                    - Started durable shared CONSUMER-4 on topic: test-topic2
2012-02-21 09:19:19,368 [Thread-36      ] INFO  JmsConsumer                    - Started durable shared CONSUMER-5 on topic: test-topic2
2012-02-21 09:19:19,370 [Thread-38      ] INFO  JmsConsumer                    - Started durable shared CONSUMER-6 on topic: test-topic2
2012-02-21 09:19:19,373 [Thread-40      ] INFO  JmsConsumer                    - Started durable shared CONSUMER-7 on topic: test-topic2
2012-02-21 09:19:19,375 [Thread-42      ] INFO  JmsConsumer                    - Started durable shared CONSUMER-8 on topic: test-topic2
2012-02-21 09:19:19,382 [Thread-44      ] INFO  JmsConsumer                    - Started durable shared CONSUMER-9 on topic: test-topic2
2012-02-21 09:19:19,399 [Thread-46      ] INFO  JmsProducer                    - Started PRODUCER-0 on topic: test-topic1
2012-02-21 09:19:19,403 [Thread-48      ] INFO  JmsProducer                    - Started PRODUCER-1 on topic: test-topic1
2012-02-21 09:19:19,408 [Thread-50      ] INFO  JmsProducer                    - Started PRODUCER-2 on topic: test-topic1
2012-02-21 09:19:19,412 [Thread-52      ] INFO  JmsProducer                    - Started PRODUCER-3 on topic: test-topic1
2012-02-21 09:19:19,520 [Thread-54      ] INFO  JmsProducer                    - Started PRODUCER-4 on topic: test-topic1
2012-02-21 09:19:19,536 [Thread-56      ] INFO  JmsProducer                    - Started PRODUCER-5 on topic: test-topic1
2012-02-21 09:19:19,588 [Thread-60      ] INFO  JmsProducer                    - Started PRODUCER-7 on topic: test-topic1
2012-02-21 09:19:19,598 [Thread-58      ] INFO  JmsProducer                    - Started PRODUCER-6 on topic: test-topic1
2012-02-21 09:19:19,645 [Thread-62      ] INFO  JmsProducer                    - Started PRODUCER-8 on topic: test-topic1
2012-02-21 09:19:19,654 [Thread-64      ] INFO  JmsProducer                    - Started PRODUCER-9 on topic: test-topic1
2012-02-21 09:19:19,783 [Thread-66      ] INFO  JmsProducer                    - Started PRODUCER-0 on topic: test-topic2
2012-02-21 09:19:19,795 [Thread-68      ] INFO  JmsProducer                    - Started PRODUCER-1 on topic: test-topic2
2012-02-21 09:19:19,919 [Thread-70      ] INFO  JmsProducer                    - Started PRODUCER-2 on topic: test-topic2
2012-02-21 09:19:20,094 [Thread-72      ] INFO  JmsProducer                    - Started PRODUCER-3 on topic: test-topic2
2012-02-21 09:19:20,155 [Thread-74      ] INFO  JmsProducer                    - Started PRODUCER-4 on topic: test-topic2
2012-02-21 09:19:20,309 [Thread-76      ] INFO  JmsProducer                    - Started PRODUCER-5 on topic: test-topic2
2012-02-21 09:19:20,426 [Thread-78      ] INFO  JmsProducer                    - Started PRODUCER-6 on topic: test-topic2
2012-02-21 09:19:20,631 [Thread-80      ] INFO  JmsProducer                    - Started PRODUCER-7 on topic: test-topic2
2012-02-21 09:19:20,646 [Thread-82      ] INFO  JmsProducer                    - Started PRODUCER-8 on topic: test-topic2
stopping all consumers after 0 seconds
2012-02-21 09:19:20,746 [Thread-84      ] INFO  JmsProducer                    - Started PRODUCER-9 on topic: test-topic2
stopped all consumers
stopping producer after 60 seconds
stopping producers...
stopped all producers
produced 2480756 messages in 60 seconds 41345.933333333334 msg/sec
consumed 93935 messages in 0 seconds Infinity msg/sec
[INFO] ------------------------------------------------------------------------
[INFO] BUILD SUCCESS
[INFO] ------------------------------------------------------------------------
[INFO] Total time: 1:11.764s
[INFO] Finished at: Tue Feb 21 09:20:25 EST 2012
[INFO] Final Memory: 13M/217M
[INFO] ------------------------------------------------------------------------
=======================================================================
SCENARIO Backlog STARTING:  Tue Feb 21 09:20:41 EST 2012
=======================================================================
[INFO] Scanning for projects...
[INFO]                                                                         
[INFO] ------------------------------------------------------------------------
[INFO] Building DEV-3824-Testcase 0.0.1-SNAPSHOT
[INFO] ------------------------------------------------------------------------
[INFO] 
[INFO] --- maven-resources-plugin:2.4.3:resources (default-resources) @ DEV-3624 ---
[WARNING] Using platform encoding (UTF-8 actually) to copy filtered resources, i.e. build is platform dependent!
[INFO] Copying 0 resource
[INFO] 
[INFO] --- maven-compiler-plugin:2.3.2:compile (default-compile) @ DEV-3624 ---
[INFO] Nothing to compile - all classes are up to date
[INFO] 
[INFO] --- maven-resources-plugin:2.4.3:testResources (default-testResources) @ DEV-3624 ---
[WARNING] Using platform encoding (UTF-8 actually) to copy filtered resources, i.e. build is platform dependent!
[INFO] Copying 25 resources
[INFO] 
[INFO] --- maven-compiler-plugin:2.3.2:testCompile (default-testCompile) @ DEV-3624 ---
[INFO] Nothing to compile - all classes are up to date
[INFO] 
[INFO] --- maven-surefire-plugin:2.7.2:test (default-test) @ DEV-3624 ---
[INFO] Surefire report directory: /home/chirino/sandbox/DEV-3624/target/surefire-reports

-------------------------------------------------------
 T E S T S
-------------------------------------------------------
Running com.yahoo.activemq.test.ActiveMQJmsTest
Tests run: 0, Failures: 0, Errors: 0, Skipped: 0, Time elapsed: 0.011 sec
Running com.yahoo.activemq.test.ApolloJmsTest
Tests run: 0, Failures: 0, Errors: 0, Skipped: 0, Time elapsed: 0 sec
Running com.yahoo.activemq.test.EmbeddedBrokerStompTest
Tests run: 0, Failures: 0, Errors: 0, Skipped: 0, Time elapsed: 0.001 sec
There are no tests to run.

Results :

Tests run: 0, Failures: 0, Errors: 0, Skipped: 0

[INFO] 
[INFO] >>> exec-maven-plugin:1.2.1:java (default) @ DEV-3624 >>>
[INFO] 
[INFO] <<< exec-maven-plugin:1.2.1:java (default) @ DEV-3624 <<<
[INFO] 
[INFO] --- exec-maven-plugin:1.2.1:java (default) @ DEV-3624 ---
Running producers for 60 seconds
Running consumers for 0 seconds
2012-02-21 09:20:47,649 [Thread-10      ] INFO  JmsConsumer                    - Started durable shared CONSUMER-2 on topic: test-topic1
2012-02-21 09:20:47,649 [Thread-8       ] INFO  JmsConsumer                    - Started durable shared CONSUMER-1 on topic: test-topic1
2012-02-21 09:20:47,649 [Thread-14      ] INFO  JmsConsumer                    - Started durable shared CONSUMER-4 on topic: test-topic1
2012-02-21 09:20:47,649 [Thread-24      ] INFO  JmsConsumer                    - Started durable shared CONSUMER-9 on topic: test-topic1
2012-02-21 09:20:47,649 [Thread-6       ] INFO  JmsConsumer                    - Started durable shared CONSUMER-0 on topic: test-topic1
2012-02-21 09:20:47,649 [Thread-18      ] INFO  JmsConsumer                    - Started durable shared CONSUMER-6 on topic: test-topic1
2012-02-21 09:20:47,649 [Thread-16      ] INFO  JmsConsumer                    - Started durable shared CONSUMER-5 on topic: test-topic1
2012-02-21 09:20:47,649 [Thread-22      ] INFO  JmsConsumer                    - Started durable shared CONSUMER-8 on topic: test-topic1
2012-02-21 09:20:47,649 [Thread-12      ] INFO  JmsConsumer                    - Started durable shared CONSUMER-3 on topic: test-topic1
2012-02-21 09:20:47,649 [Thread-20      ] INFO  JmsConsumer                    - Started durable shared CONSUMER-7 on topic: test-topic1
2012-02-21 09:20:47,651 [Thread-26      ] INFO  JmsConsumer                    - Started durable shared CONSUMER-0 on topic: test-topic2
2012-02-21 09:20:47,656 [Thread-28      ] INFO  JmsConsumer                    - Started durable shared CONSUMER-1 on topic: test-topic2
2012-02-21 09:20:47,660 [Thread-30      ] INFO  JmsConsumer                    - Started durable shared CONSUMER-2 on topic: test-topic2
2012-02-21 09:20:47,664 [Thread-32      ] INFO  JmsConsumer                    - Started durable shared CONSUMER-3 on topic: test-topic2
2012-02-21 09:20:47,668 [Thread-34      ] INFO  JmsConsumer                    - Started durable shared CONSUMER-4 on topic: test-topic2
2012-02-21 09:20:47,678 [Thread-36      ] INFO  JmsConsumer                    - Started durable shared CONSUMER-5 on topic: test-topic2
2012-02-21 09:20:47,683 [Thread-38      ] INFO  JmsConsumer                    - Started durable shared CONSUMER-6 on topic: test-topic2
2012-02-21 09:20:47,690 [Thread-40      ] INFO  JmsConsumer                    - Started durable shared CONSUMER-7 on topic: test-topic2
2012-02-21 09:20:47,693 [Thread-42      ] INFO  JmsConsumer                    - Started durable shared CONSUMER-8 on topic: test-topic2
2012-02-21 09:20:47,698 [Thread-44      ] INFO  JmsConsumer                    - Started durable shared CONSUMER-9 on topic: test-topic2
2012-02-21 09:20:47,703 [Thread-46      ] INFO  JmsProducer                    - Started PRODUCER-0 on topic: test-topic1
2012-02-21 09:20:47,714 [Thread-48      ] INFO  JmsProducer                    - Started PRODUCER-1 on topic: test-topic1
2012-02-21 09:20:47,727 [Thread-50      ] INFO  JmsProducer                    - Started PRODUCER-2 on topic: test-topic1
2012-02-21 09:20:47,730 [Thread-52      ] INFO  JmsProducer                    - Started PRODUCER-3 on topic: test-topic1
2012-02-21 09:20:47,736 [Thread-54      ] INFO  JmsProducer                    - Started PRODUCER-4 on topic: test-topic1
2012-02-21 09:20:47,743 [Thread-56      ] INFO  JmsProducer                    - Started PRODUCER-5 on topic: test-topic1
2012-02-21 09:20:47,749 [Thread-58      ] INFO  JmsProducer                    - Started PRODUCER-6 on topic: test-topic1
2012-02-21 09:20:47,766 [Thread-60      ] INFO  JmsProducer                    - Started PRODUCER-7 on topic: test-topic1
2012-02-21 09:20:47,954 [Thread-62      ] INFO  JmsProducer                    - Started PRODUCER-8 on topic: test-topic1
2012-02-21 09:20:47,989 [Thread-64      ] INFO  JmsProducer                    - Started PRODUCER-9 on topic: test-topic1
2012-02-21 09:20:48,072 [Thread-66      ] INFO  JmsProducer                    - Started PRODUCER-0 on topic: test-topic2
2012-02-21 09:20:48,083 [Thread-68      ] INFO  JmsProducer                    - Started PRODUCER-1 on topic: test-topic2
2012-02-21 09:20:48,200 [Thread-70      ] INFO  JmsProducer                    - Started PRODUCER-2 on topic: test-topic2
2012-02-21 09:20:48,233 [Thread-72      ] INFO  JmsProducer                    - Started PRODUCER-3 on topic: test-topic2
2012-02-21 09:20:48,352 [Thread-74      ] INFO  JmsProducer                    - Started PRODUCER-4 on topic: test-topic2
2012-02-21 09:20:49,659 [Thread-76      ] INFO  JmsProducer                    - Started PRODUCER-5 on topic: test-topic2
2012-02-21 09:20:50,122 [Thread-78      ] INFO  JmsProducer                    - Started PRODUCER-6 on topic: test-topic2
2012-02-21 09:20:50,125 [Thread-80      ] INFO  JmsProducer                    - Started PRODUCER-7 on topic: test-topic2
2012-02-21 09:20:50,130 [Thread-82      ] INFO  JmsProducer                    - Started PRODUCER-8 on topic: test-topic2
stopping all consumers after 0 seconds
2012-02-21 09:20:50,137 [Thread-84      ] INFO  JmsProducer                    - Started PRODUCER-9 on topic: test-topic2
stopped all consumers
stopping producer after 60 seconds
stopping producers...
stopped all producers
produced 2623595 messages in 60 seconds 43726.583333333336 msg/sec
consumed 59153 messages in 0 seconds Infinity msg/sec
[INFO] ------------------------------------------------------------------------
[INFO] BUILD SUCCESS
[INFO] ------------------------------------------------------------------------
[INFO] Total time: 1:17.716s
[INFO] Finished at: Tue Feb 21 09:22:00 EST 2012
[INFO] Final Memory: 13M/256M
[INFO] ------------------------------------------------------------------------
=======================================================================
SCENARIO Backlog STARTING:  Tue Feb 21 09:57:43 EST 2012
=======================================================================
[INFO] Scanning for projects...
[INFO]                                                                         
[INFO] ------------------------------------------------------------------------
[INFO] Building DEV-3824-Testcase 0.0.1-SNAPSHOT
[INFO] ------------------------------------------------------------------------
[INFO] 
[INFO] --- maven-resources-plugin:2.4.3:resources (default-resources) @ DEV-3624 ---
[WARNING] Using platform encoding (UTF-8 actually) to copy filtered resources, i.e. build is platform dependent!
[INFO] Copying 0 resource
[INFO] 
[INFO] --- maven-compiler-plugin:2.3.2:compile (default-compile) @ DEV-3624 ---
[INFO] Nothing to compile - all classes are up to date
[INFO] 
[INFO] --- maven-resources-plugin:2.4.3:testResources (default-testResources) @ DEV-3624 ---
[WARNING] Using platform encoding (UTF-8 actually) to copy filtered resources, i.e. build is platform dependent!
[INFO] Copying 25 resources
[INFO] 
[INFO] --- maven-compiler-plugin:2.3.2:testCompile (default-testCompile) @ DEV-3624 ---
[INFO] Nothing to compile - all classes are up to date
[INFO] 
[INFO] --- maven-surefire-plugin:2.7.2:test (default-test) @ DEV-3624 ---
[INFO] Surefire report directory: /home/chirino/sandbox/DEV-3624/target/surefire-reports

-------------------------------------------------------
 T E S T S
-------------------------------------------------------
Running com.yahoo.activemq.test.ActiveMQJmsTest
Tests run: 0, Failures: 0, Errors: 0, Skipped: 0, Time elapsed: 0.001 sec
Running com.yahoo.activemq.test.ApolloJmsTest
Tests run: 0, Failures: 0, Errors: 0, Skipped: 0, Time elapsed: 0.001 sec
Running com.yahoo.activemq.test.EmbeddedBrokerStompTest
Tests run: 0, Failures: 0, Errors: 0, Skipped: 0, Time elapsed: 0 sec
There are no tests to run.

Results :

Tests run: 0, Failures: 0, Errors: 0, Skipped: 0

[INFO] 
[INFO] >>> exec-maven-plugin:1.2.1:java (default) @ DEV-3624 >>>
[INFO] 
[INFO] <<< exec-maven-plugin:1.2.1:java (default) @ DEV-3624 <<<
[INFO] 
[INFO] --- exec-maven-plugin:1.2.1:java (default) @ DEV-3624 ---
Running producers for 60 seconds
Running consumers for 0 seconds
2012-02-21 09:57:48,779 [Thread-8       ] INFO  JmsConsumer                    - Started durable shared CONSUMER-1 on topic: test-topic1
2012-02-21 09:57:48,779 [Thread-16      ] INFO  JmsConsumer                    - Started durable shared CONSUMER-5 on topic: test-topic1
2012-02-21 09:57:48,779 [Thread-26      ] INFO  JmsConsumer                    - Started durable shared CONSUMER-0 on topic: test-topic2
2012-02-21 09:57:48,779 [Thread-32      ] INFO  JmsConsumer                    - Started durable shared CONSUMER-3 on topic: test-topic2
2012-02-21 09:57:48,779 [Thread-34      ] INFO  JmsConsumer                    - Started durable shared CONSUMER-4 on topic: test-topic2
2012-02-21 09:57:48,779 [Thread-6       ] INFO  JmsConsumer                    - Started durable shared CONSUMER-0 on topic: test-topic1
2012-02-21 09:57:48,779 [Thread-28      ] INFO  JmsConsumer                    - Started durable shared CONSUMER-1 on topic: test-topic2
2012-02-21 09:57:48,779 [Thread-20      ] INFO  JmsConsumer                    - Started durable shared CONSUMER-7 on topic: test-topic1
2012-02-21 09:57:48,779 [Thread-14      ] INFO  JmsConsumer                    - Started durable shared CONSUMER-4 on topic: test-topic1
2012-02-21 09:57:48,779 [Thread-10      ] INFO  JmsConsumer                    - Started durable shared CONSUMER-2 on topic: test-topic1
2012-02-21 09:57:48,779 [Thread-24      ] INFO  JmsConsumer                    - Started durable shared CONSUMER-9 on topic: test-topic1
2012-02-21 09:57:48,779 [Thread-22      ] INFO  JmsConsumer                    - Started durable shared CONSUMER-8 on topic: test-topic1
2012-02-21 09:57:48,779 [Thread-30      ] INFO  JmsConsumer                    - Started durable shared CONSUMER-2 on topic: test-topic2
2012-02-21 09:57:48,779 [Thread-18      ] INFO  JmsConsumer                    - Started durable shared CONSUMER-6 on topic: test-topic1
2012-02-21 09:57:48,779 [Thread-12      ] INFO  JmsConsumer                    - Started durable shared CONSUMER-3 on topic: test-topic1
2012-02-21 09:57:48,781 [Thread-36      ] INFO  JmsConsumer                    - Started durable shared CONSUMER-5 on topic: test-topic2
2012-02-21 09:57:48,783 [Thread-38      ] INFO  JmsConsumer                    - Started durable shared CONSUMER-6 on topic: test-topic2
2012-02-21 09:57:48,787 [Thread-40      ] INFO  JmsConsumer                    - Started durable shared CONSUMER-7 on topic: test-topic2
2012-02-21 09:57:48,790 [Thread-42      ] INFO  JmsConsumer                    - Started durable shared CONSUMER-8 on topic: test-topic2
2012-02-21 09:57:48,794 [Thread-44      ] INFO  JmsConsumer                    - Started durable shared CONSUMER-9 on topic: test-topic2
2012-02-21 09:57:48,960 [Thread-46      ] INFO  JmsProducer                    - Started PRODUCER-0 on topic: test-topic1
2012-02-21 09:57:48,964 [Thread-48      ] INFO  JmsProducer                    - Started PRODUCER-1 on topic: test-topic1
2012-02-21 09:57:48,968 [Thread-50      ] INFO  JmsProducer                    - Started PRODUCER-2 on topic: test-topic1
2012-02-21 09:57:48,974 [Thread-52      ] INFO  JmsProducer                    - Started PRODUCER-3 on topic: test-topic1
2012-02-21 09:57:48,994 [Thread-54      ] INFO  JmsProducer                    - Started PRODUCER-4 on topic: test-topic1
2012-02-21 09:57:49,049 [Thread-56      ] INFO  JmsProducer                    - Started PRODUCER-5 on topic: test-topic1
2012-02-21 09:57:49,456 [Thread-58      ] INFO  JmsProducer                    - Started PRODUCER-6 on topic: test-topic1
2012-02-21 09:57:49,464 [Thread-60      ] INFO  JmsProducer                    - Started PRODUCER-7 on topic: test-topic1
2012-02-21 09:57:49,479 [Thread-62      ] INFO  JmsProducer                    - Started PRODUCER-8 on topic: test-topic1
2012-02-21 09:57:49,486 [Thread-64      ] INFO  JmsProducer                    - Started PRODUCER-9 on topic: test-topic1
2012-02-21 09:57:49,744 [Thread-66      ] INFO  JmsProducer                    - Started PRODUCER-0 on topic: test-topic2
2012-02-21 09:57:49,746 [Thread-68      ] INFO  JmsProducer                    - Started PRODUCER-1 on topic: test-topic2
2012-02-21 09:57:50,248 [Thread-70      ] INFO  JmsProducer                    - Started PRODUCER-2 on topic: test-topic2
2012-02-21 09:57:50,328 [Thread-72      ] INFO  JmsProducer                    - Started PRODUCER-3 on topic: test-topic2
2012-02-21 09:57:50,338 [Thread-74      ] INFO  JmsProducer                    - Started PRODUCER-4 on topic: test-topic2
2012-02-21 09:57:50,342 [Thread-76      ] INFO  JmsProducer                    - Started PRODUCER-5 on topic: test-topic2
2012-02-21 09:57:50,695 [Thread-78      ] INFO  JmsProducer                    - Started PRODUCER-6 on topic: test-topic2
2012-02-21 09:57:50,767 [Thread-80      ] INFO  JmsProducer                    - Started PRODUCER-7 on topic: test-topic2
2012-02-21 09:57:50,786 [Thread-82      ] INFO  JmsProducer                    - Started PRODUCER-8 on topic: test-topic2
stopping all consumers after 0 seconds
2012-02-21 09:57:50,790 [Thread-84      ] INFO  JmsProducer                    - Started PRODUCER-9 on topic: test-topic2
stopped all consumers
stopping producer after 60 seconds
stopping producers...
stopped all producers
produced 2670920 messages in 60 seconds 44515.333333333336 msg/sec
consumed 57912 messages in 0 seconds Infinity msg/sec
[INFO] ------------------------------------------------------------------------
[INFO] BUILD SUCCESS
[INFO] ------------------------------------------------------------------------
[INFO] Total time: 1:16.895s
[INFO] Finished at: Tue Feb 21 09:59:01 EST 2012
[INFO] Final Memory: 13M/256M
[INFO] ------------------------------------------------------------------------
=======================================================================
SCENARIO Backlog STARTING:  Tue Feb 21 10:05:09 EST 2012
=======================================================================
[INFO] Scanning for projects...
[INFO]                                                                         
[INFO] ------------------------------------------------------------------------
[INFO] Building DEV-3824-Testcase 0.0.1-SNAPSHOT
[INFO] ------------------------------------------------------------------------
[INFO] 
[INFO] --- maven-resources-plugin:2.4.3:resources (default-resources) @ DEV-3624 ---
[WARNING] Using platform encoding (UTF-8 actually) to copy filtered resources, i.e. build is platform dependent!
[INFO] Copying 0 resource
[INFO] 
[INFO] --- maven-compiler-plugin:2.3.2:compile (default-compile) @ DEV-3624 ---
[INFO] Nothing to compile - all classes are up to date
[INFO] 
[INFO] --- maven-resources-plugin:2.4.3:testResources (default-testResources) @ DEV-3624 ---
[WARNING] Using platform encoding (UTF-8 actually) to copy filtered resources, i.e. build is platform dependent!
[INFO] Copying 25 resources
[INFO] 
[INFO] --- maven-compiler-plugin:2.3.2:testCompile (default-testCompile) @ DEV-3624 ---
[INFO] Nothing to compile - all classes are up to date
[INFO] 
[INFO] --- maven-surefire-plugin:2.7.2:test (default-test) @ DEV-3624 ---
[INFO] Surefire report directory: /home/chirino/sandbox/DEV-3624/target/surefire-reports

-------------------------------------------------------
 T E S T S
-------------------------------------------------------
Running com.yahoo.activemq.test.ActiveMQJmsTest
Tests run: 0, Failures: 0, Errors: 0, Skipped: 0, Time elapsed: 0 sec
Running com.yahoo.activemq.test.ApolloJmsTest
Tests run: 0, Failures: 0, Errors: 0, Skipped: 0, Time elapsed: 0.001 sec
Running com.yahoo.activemq.test.EmbeddedBrokerStompTest
Tests run: 0, Failures: 0, Errors: 0, Skipped: 0, Time elapsed: 0 sec
There are no tests to run.

Results :

Tests run: 0, Failures: 0, Errors: 0, Skipped: 0

[INFO] 
[INFO] >>> exec-maven-plugin:1.2.1:java (default) @ DEV-3624 >>>
[INFO] 
[INFO] <<< exec-maven-plugin:1.2.1:java (default) @ DEV-3624 <<<
[INFO] 
[INFO] --- exec-maven-plugin:1.2.1:java (default) @ DEV-3624 ---
Running producers for 60 seconds
Running consumers for 0 seconds
Caught exceptionjavax.jms.JMSException: Wire format negotiation timeout: peer did not send his wire format.
stacktrace
[Ljava.lang.StackTraceElement;@622f996f